Using cpu device
Logging to ./output/ppo_tensorboard/default_15v0_0
------------------------------
| time/              |       |
|    fps             | 342   |
|    iterations      | 1     |
|    time_elapsed    | 191   |
|    total_timesteps | 65536 |
------------------------------
------------------------------------------
| time/                   |              |
|    fps                  | 192          |
|    iterations           | 2            |
|    time_elapsed         | 681          |
|    total_timesteps      | 131072       |
| train/                  |              |
|    approx_kl            | 0.0030356823 |
|    clip_fraction        | 0.0286       |
|    clip_range           | 0.2          |
|    entropy_loss         | -1.39        |
|    explained_variance   | 0.0267       |
|    learning_rate        | 0.000992     |
|    loss                 | 2.52         |
|    n_updates            | 10           |
|    policy_gradient_loss | -0.000542    |
|    std                  | 0.974        |
|    value_loss           | 5.2          |
------------------------------------------
------------------------------------------
| time/                   |              |
|    fps                  | 142          |
|    iterations           | 3            |
|    time_elapsed         | 1376         |
|    total_timesteps      | 196608       |
| train/                  |              |
|    approx_kl            | 0.0028871472 |
|    clip_fraction        | 0.0254       |
|    clip_range           | 0.2          |
|    entropy_loss         | -1.37        |
|    explained_variance   | 0.333        |
|    learning_rate        | 0.000984     |
|    loss                 | 1.5          |
|    n_updates            | 20           |
|    policy_gradient_loss | -0.000431    |
|    std                  | 0.95         |
|    value_loss           | 4.95         |
------------------------------------------
------------------------------------------
| time/                   |              |
|    fps                  | 114          |
|    iterations           | 4            |
|    time_elapsed         | 2280         |
|    total_timesteps      | 262144       |
| train/                  |              |
|    approx_kl            | 0.0033147132 |
|    clip_fraction        | 0.0263       |
|    clip_range           | 0.2          |
|    entropy_loss         | -1.34        |
|    explained_variance   | 0.445        |
|    learning_rate        | 0.000975     |
|    loss                 | 1.87         |
|    n_updates            | 30           |
|    policy_gradient_loss | -0.000489    |
|    std                  | 0.932        |
|    value_loss           | 5.23         |
------------------------------------------
------------------------------------------
| time/                   |              |
|    fps                  | 97           |
|    iterations           | 5            |
|    time_elapsed         | 3376         |
|    total_timesteps      | 327680       |
| train/                  |              |
|    approx_kl            | 0.0030378255 |
|    clip_fraction        | 0.0233       |
|    clip_range           | 0.2          |
|    entropy_loss         | -1.33        |
|    explained_variance   | 0.489        |
|    learning_rate        | 0.000967     |
|    loss                 | 3.36         |
|    n_updates            | 40           |
|    policy_gradient_loss | -0.000281    |
|    std                  | 0.926        |
|    value_loss           | 5.17         |
------------------------------------------
------------------------------------------
| time/                   |              |
|    fps                  | 83           |
|    iterations           | 6            |
|    time_elapsed         | 4690         |
|    total_timesteps      | 393216       |
| train/                  |              |
|    approx_kl            | 0.0032742957 |
|    clip_fraction        | 0.0318       |
|    clip_range           | 0.2          |
|    entropy_loss         | -1.32        |
|    explained_variance   | 0.479        |
|    learning_rate        | 0.000959     |
|    loss                 | 2.31         |
|    n_updates            | 50           |
|    policy_gradient_loss | -0.000795    |
|    std                  | 0.897        |
|    value_loss           | 5.88         |
------------------------------------------
------------------------------------------
| time/                   |              |
|    fps                  | 73           |
|    iterations           | 7            |
|    time_elapsed         | 6219         |
|    total_timesteps      | 458752       |
| train/                  |              |
|    approx_kl            | 0.0040452415 |
|    clip_fraction        | 0.0364       |
|    clip_range           | 0.2          |
|    entropy_loss         | -1.28        |
|    explained_variance   | 0.537        |
|    learning_rate        | 0.000951     |
|    loss                 | 1.61         |
|    n_updates            | 60           |
|    policy_gradient_loss | -0.00123     |
|    std                  | 0.87         |
|    value_loss           | 4.94         |
------------------------------------------
------------------------------------------
| time/                   |              |
|    fps                  | 65           |
|    iterations           | 8            |
|    time_elapsed         | 7983         |
|    total_timesteps      | 524288       |
| train/                  |              |
|    approx_kl            | 0.0040262863 |
|    clip_fraction        | 0.0379       |
|    clip_range           | 0.2          |
|    entropy_loss         | -1.24        |
|    explained_variance   | 0.549        |
|    learning_rate        | 0.000943     |
|    loss                 | 1.64         |
|    n_updates            | 70           |
|    policy_gradient_loss | -0.00118     |
|    std                  | 0.844        |
|    value_loss           | 5.82         |
------------------------------------------
------------------------------------------
| rollout/                |              |
|    ep_len_mean          | 1.78e+04     |
|    ep_rew_mean          | -7.69e+03    |
| time/                   |              |
|    fps                  | 59           |
|    iterations           | 9            |
|    time_elapsed         | 9892         |
|    total_timesteps      | 589824       |
| train/                  |              |
|    approx_kl            | 0.0041845245 |
|    clip_fraction        | 0.0408       |
|    clip_range           | 0.2          |
|    entropy_loss         | -1.21        |
|    explained_variance   | 0.559        |
|    learning_rate        | 0.000934     |
|    loss                 | 1.59         |
|    n_updates            | 80           |
|    policy_gradient_loss | -0.00102     |
|    std                  | 0.809        |
|    value_loss           | 6.14         |
------------------------------------------
------------------------------------------
| rollout/                |              |
|    ep_len_mean          | 1.92e+04     |
|    ep_rew_mean          | -8.4e+03     |
| time/                   |              |
|    fps                  | 57           |
|    iterations           | 10           |
|    time_elapsed         | 11443        |
|    total_timesteps      | 655360       |
| train/                  |              |
|    approx_kl            | 0.0045483033 |
|    clip_fraction        | 0.0477       |
|    clip_range           | 0.2          |
|    entropy_loss         | -1.17        |
|    explained_variance   | 0.464        |
|    learning_rate        | 0.000926     |
|    loss                 | 4.22         |
|    n_updates            | 90           |
|    policy_gradient_loss | -0.00162     |
|    std                  | 0.781        |
|    value_loss           | 9.44         |
------------------------------------------
------------------------------------------
| rollout/                |              |
|    ep_len_mean          | 1.98e+04     |
|    ep_rew_mean          | -8.69e+03    |
| time/                   |              |
|    fps                  | 59           |
|    iterations           | 11           |
|    time_elapsed         | 12128        |
|    total_timesteps      | 720896       |
| train/                  |              |
|    approx_kl            | 0.0062962817 |
|    clip_fraction        | 0.0527       |
|    clip_range           | 0.2          |
|    entropy_loss         | -1.13        |
|    explained_variance   | 0.306        |
|    learning_rate        | 0.000918     |
|    loss                 | 6.34         |
|    n_updates            | 100          |
|    policy_gradient_loss | -0.0015      |
|    std                  | 0.729        |
|    value_loss           | 23.3         |
------------------------------------------
-----------------------------------------
| rollout/                |             |
|    ep_len_mean          | 1.98e+04    |
|    ep_rew_mean          | -8.69e+03   |
| time/                   |             |
|    fps                  | 61          |
|    iterations           | 12          |
|    time_elapsed         | 12707       |
|    total_timesteps      | 786432      |
| train/                  |             |
|    approx_kl            | 0.008608256 |
|    clip_fraction        | 0.0729      |
|    clip_range           | 0.2         |
|    entropy_loss         | -1.04       |
|    explained_variance   | 0.431       |
|    learning_rate        | 0.00091     |
|    loss                 | 5.56        |
|    n_updates            | 110         |
|    policy_gradient_loss | -0.00279    |
|    std                  | 0.683       |
|    value_loss           | 18.8        |
-----------------------------------------
-----------------------------------------
| rollout/                |             |
|    ep_len_mean          | 1.98e+04    |
|    ep_rew_mean          | -8.69e+03   |
| time/                   |             |
|    fps                  | 63          |
|    iterations           | 13          |
|    time_elapsed         | 13487       |
|    total_timesteps      | 851968      |
| train/                  |             |
|    approx_kl            | 0.009986706 |
|    clip_fraction        | 0.0885      |
|    clip_range           | 0.2         |
|    entropy_loss         | -0.963      |
|    explained_variance   | 0.705       |
|    learning_rate        | 0.000902    |
|    loss                 | 3.69        |
|    n_updates            | 120         |
|    policy_gradient_loss | -0.00398    |
|    std                  | 0.633       |
|    value_loss           | 10.4        |
-----------------------------------------
------------------------------------------
| rollout/                |              |
|    ep_len_mean          | 1.98e+04     |
|    ep_rew_mean          | -8.69e+03    |
| time/                   |              |
|    fps                  | 63           |
|    iterations           | 14           |
|    time_elapsed         | 14462        |
|    total_timesteps      | 917504       |
| train/                  |              |
|    approx_kl            | 0.0053574312 |
|    clip_fraction        | 0.0618       |
|    clip_range           | 0.2          |
|    entropy_loss         | -0.939       |
|    explained_variance   | 0.675        |
|    learning_rate        | 0.000894     |
|    loss                 | 3.51         |
|    n_updates            | 130          |
|    policy_gradient_loss | -0.00197     |
|    std                  | 0.617        |
|    value_loss           | 9.74         |
------------------------------------------
-----------------------------------------
| rollout/                |             |
|    ep_len_mean          | 1.84e+04    |
|    ep_rew_mean          | -7.99e+03   |
| time/                   |             |
|    fps                  | 63          |
|    iterations           | 15          |
|    time_elapsed         | 15581       |
|    total_timesteps      | 983040      |
| train/                  |             |
|    approx_kl            | 0.005706764 |
|    clip_fraction        | 0.0714      |
|    clip_range           | 0.2         |
|    entropy_loss         | -0.928      |
|    explained_variance   | 0.73        |
|    learning_rate        | 0.000885    |
|    loss                 | 3.2         |
|    n_updates            | 140         |
|    policy_gradient_loss | -0.0034     |
|    std                  | 0.613       |
|    value_loss           | 8.67        |
-----------------------------------------
-----------------------------------------
| rollout/                |             |
|    ep_len_mean          | 1.64e+04    |
|    ep_rew_mean          | -7.02e+03   |
| time/                   |             |
|    fps                  | 63          |
|    iterations           | 16          |
|    time_elapsed         | 16511       |
|    total_timesteps      | 1048576     |
| train/                  |             |
|    approx_kl            | 0.005969691 |
|    clip_fraction        | 0.0737      |
|    clip_range           | 0.2         |
|    entropy_loss         | -0.91       |
|    explained_variance   | 0.584       |
|    learning_rate        | 0.000877    |
|    loss                 | 23.6        |
|    n_updates            | 150         |
|    policy_gradient_loss | -0.00322    |
|    std                  | 0.607       |
|    value_loss           | 18.6        |
-----------------------------------------
----------------------------------------
| rollout/                |            |
|    ep_len_mean          | 1.62e+04   |
|    ep_rew_mean          | -6.88e+03  |
| time/                   |            |
|    fps                  | 64         |
|    iterations           | 17         |
|    time_elapsed         | 17263      |
|    total_timesteps      | 1114112    |
| train/                  |            |
|    approx_kl            | 0.00814875 |
|    clip_fraction        | 0.0829     |
|    clip_range           | 0.2        |
|    entropy_loss         | -0.87      |
|    explained_variance   | 0.446      |
|    learning_rate        | 0.000869   |
|    loss                 | 10.1       |
|    n_updates            | 160        |
|    policy_gradient_loss | -0.00265   |
|    std                  | 0.577      |
|    value_loss           | 35         |
----------------------------------------
------------------------------------------
| rollout/                |              |
|    ep_len_mean          | 1.52e+04     |
|    ep_rew_mean          | -6.39e+03    |
| time/                   |              |
|    fps                  | 66           |
|    iterations           | 18           |
|    time_elapsed         | 17850        |
|    total_timesteps      | 1179648      |
| train/                  |              |
|    approx_kl            | 0.0084675085 |
|    clip_fraction        | 0.0879       |
|    clip_range           | 0.2          |
|    entropy_loss         | -0.827       |
|    explained_variance   | 0.613        |
|    learning_rate        | 0.000861     |
|    loss                 | 10.2         |
|    n_updates            | 170          |
|    policy_gradient_loss | -0.00307     |
|    std                  | 0.553        |
|    value_loss           | 23.4         |
------------------------------------------
slurmstepd: error: *** JOB 12473499 ON cn1432 CANCELLED AT 2024-05-17T22:27:05 DUE TO TIME LIMIT ***
