Using cpu device
Logging to ./output/ppo_tensorboard/default_10default_10_v2_0
------------------------------
| time/              |       |
|    fps             | 342   |
|    iterations      | 1     |
|    time_elapsed    | 191   |
|    total_timesteps | 65536 |
------------------------------
------------------------------------------
| time/                   |              |
|    fps                  | 191          |
|    iterations           | 2            |
|    time_elapsed         | 684          |
|    total_timesteps      | 131072       |
| train/                  |              |
|    approx_kl            | 0.0013621724 |
|    clip_fraction        | 0.0138       |
|    clip_range           | 0.2          |
|    entropy_loss         | -1.4         |
|    explained_variance   | -0.0137      |
|    learning_rate        | 0.000993     |
|    loss                 | 2.34         |
|    n_updates            | 10           |
|    policy_gradient_loss | 0.000271     |
|    std                  | 0.989        |
|    value_loss           | 5.9          |
------------------------------------------
------------------------------------------
| time/                   |              |
|    fps                  | 141          |
|    iterations           | 3            |
|    time_elapsed         | 1393         |
|    total_timesteps      | 196608       |
| train/                  |              |
|    approx_kl            | 0.0020055175 |
|    clip_fraction        | 0.0144       |
|    clip_range           | 0.2          |
|    entropy_loss         | -1.39        |
|    explained_variance   | 0.379        |
|    learning_rate        | 0.000987     |
|    loss                 | 1.74         |
|    n_updates            | 20           |
|    policy_gradient_loss | -0.000204    |
|    std                  | 0.969        |
|    value_loss           | 4.94         |
------------------------------------------
------------------------------------------
| time/                   |              |
|    fps                  | 114          |
|    iterations           | 4            |
|    time_elapsed         | 2298         |
|    total_timesteps      | 262144       |
| train/                  |              |
|    approx_kl            | 0.0022716005 |
|    clip_fraction        | 0.0194       |
|    clip_range           | 0.2          |
|    entropy_loss         | -1.36        |
|    explained_variance   | 0.443        |
|    learning_rate        | 0.00098      |
|    loss                 | 3.87         |
|    n_updates            | 30           |
|    policy_gradient_loss | -0.000366    |
|    std                  | 0.949        |
|    value_loss           | 5.51         |
------------------------------------------
------------------------------------------
| time/                   |              |
|    fps                  | 96           |
|    iterations           | 5            |
|    time_elapsed         | 3399         |
|    total_timesteps      | 327680       |
| train/                  |              |
|    approx_kl            | 0.0026892424 |
|    clip_fraction        | 0.0216       |
|    clip_range           | 0.2          |
|    entropy_loss         | -1.34        |
|    explained_variance   | 0.476        |
|    learning_rate        | 0.000974     |
|    loss                 | 1.7          |
|    n_updates            | 40           |
|    policy_gradient_loss | -0.000528    |
|    std                  | 0.913        |
|    value_loss           | 5.64         |
------------------------------------------
------------------------------------------
| time/                   |              |
|    fps                  | 83           |
|    iterations           | 6            |
|    time_elapsed         | 4727         |
|    total_timesteps      | 393216       |
| train/                  |              |
|    approx_kl            | 0.0031529148 |
|    clip_fraction        | 0.0286       |
|    clip_range           | 0.2          |
|    entropy_loss         | -1.3         |
|    explained_variance   | 0.47         |
|    learning_rate        | 0.000967     |
|    loss                 | 2.15         |
|    n_updates            | 50           |
|    policy_gradient_loss | -0.00104     |
|    std                  | 0.879        |
|    value_loss           | 5.72         |
------------------------------------------
------------------------------------------
| time/                   |              |
|    fps                  | 73           |
|    iterations           | 7            |
|    time_elapsed         | 6277         |
|    total_timesteps      | 458752       |
| train/                  |              |
|    approx_kl            | 0.0023439133 |
|    clip_fraction        | 0.0234       |
|    clip_range           | 0.2          |
|    entropy_loss         | -1.26        |
|    explained_variance   | 0.438        |
|    learning_rate        | 0.000961     |
|    loss                 | 2.46         |
|    n_updates            | 60           |
|    policy_gradient_loss | -0.000654    |
|    std                  | 0.85         |
|    value_loss           | 6.35         |
------------------------------------------
------------------------------------------
| time/                   |              |
|    fps                  | 65           |
|    iterations           | 8            |
|    time_elapsed         | 8061         |
|    total_timesteps      | 524288       |
| train/                  |              |
|    approx_kl            | 0.0037848544 |
|    clip_fraction        | 0.0337       |
|    clip_range           | 0.2          |
|    entropy_loss         | -1.22        |
|    explained_variance   | 0.474        |
|    learning_rate        | 0.000954     |
|    loss                 | 2.91         |
|    n_updates            | 70           |
|    policy_gradient_loss | -0.00151     |
|    std                  | 0.821        |
|    value_loss           | 5.73         |
------------------------------------------
-----------------------------------------
| rollout/                |             |
|    ep_len_mean          | 1.76e+04    |
|    ep_rew_mean          | -7.62e+03   |
| time/                   |             |
|    fps                  | 59          |
|    iterations           | 9           |
|    time_elapsed         | 9834        |
|    total_timesteps      | 589824      |
| train/                  |             |
|    approx_kl            | 0.004667883 |
|    clip_fraction        | 0.0378      |
|    clip_range           | 0.2         |
|    entropy_loss         | -1.18       |
|    explained_variance   | 0.498       |
|    learning_rate        | 0.000948    |
|    loss                 | 3.06        |
|    n_updates            | 80          |
|    policy_gradient_loss | -0.00144    |
|    std                  | 0.79        |
|    value_loss           | 5.8         |
-----------------------------------------
------------------------------------------
| rollout/                |              |
|    ep_len_mean          | 1.86e+04     |
|    ep_rew_mean          | -8.1e+03     |
| time/                   |              |
|    fps                  | 59           |
|    iterations           | 10           |
|    time_elapsed         | 10944        |
|    total_timesteps      | 655360       |
| train/                  |              |
|    approx_kl            | 0.0041252417 |
|    clip_fraction        | 0.0391       |
|    clip_range           | 0.2          |
|    entropy_loss         | -1.13        |
|    explained_variance   | 0.339        |
|    learning_rate        | 0.000941     |
|    loss                 | 3.58         |
|    n_updates            | 90           |
|    policy_gradient_loss | -0.00132     |
|    std                  | 0.746        |
|    value_loss           | 16.7         |
------------------------------------------
-----------------------------------------
| rollout/                |             |
|    ep_len_mean          | 1.9e+04     |
|    ep_rew_mean          | -8.28e+03   |
| time/                   |             |
|    fps                  | 61          |
|    iterations           | 11          |
|    time_elapsed         | 11641       |
|    total_timesteps      | 720896      |
| train/                  |             |
|    approx_kl            | 0.006148248 |
|    clip_fraction        | 0.0525      |
|    clip_range           | 0.2         |
|    entropy_loss         | -1.07       |
|    explained_variance   | 0.335       |
|    learning_rate        | 0.000934    |
|    loss                 | 5.61        |
|    n_updates            | 100         |
|    policy_gradient_loss | -0.00214    |
|    std                  | 0.704       |
|    value_loss           | 20.7        |
-----------------------------------------
------------------------------------------
| rollout/                |              |
|    ep_len_mean          | 1.9e+04      |
|    ep_rew_mean          | -8.28e+03    |
| time/                   |              |
|    fps                  | 63           |
|    iterations           | 12           |
|    time_elapsed         | 12308        |
|    total_timesteps      | 786432       |
| train/                  |              |
|    approx_kl            | 0.0065719886 |
|    clip_fraction        | 0.0629       |
|    clip_range           | 0.2          |
|    entropy_loss         | -1           |
|    explained_variance   | 0.502        |
|    learning_rate        | 0.000928     |
|    loss                 | 5.12         |
|    n_updates            | 110          |
|    policy_gradient_loss | -0.00286     |
|    std                  | 0.669        |
|    value_loss           | 13.1         |
------------------------------------------
------------------------------------------
| rollout/                |              |
|    ep_len_mean          | 1.9e+04      |
|    ep_rew_mean          | -8.28e+03    |
| time/                   |              |
|    fps                  | 64           |
|    iterations           | 13           |
|    time_elapsed         | 13180        |
|    total_timesteps      | 851968       |
| train/                  |              |
|    approx_kl            | 0.0054983785 |
|    clip_fraction        | 0.059        |
|    clip_range           | 0.2          |
|    entropy_loss         | -0.966       |
|    explained_variance   | 0.569        |
|    learning_rate        | 0.000921     |
|    loss                 | 3.09         |
|    n_updates            | 120          |
|    policy_gradient_loss | -0.00278     |
|    std                  | 0.636        |
|    value_loss           | 8.09         |
------------------------------------------
------------------------------------------
| rollout/                |              |
|    ep_len_mean          | 1.87e+04     |
|    ep_rew_mean          | -8.15e+03    |
| time/                   |              |
|    fps                  | 64           |
|    iterations           | 14           |
|    time_elapsed         | 14275        |
|    total_timesteps      | 917504       |
| train/                  |              |
|    approx_kl            | 0.0057126465 |
|    clip_fraction        | 0.0582       |
|    clip_range           | 0.2          |
|    entropy_loss         | -0.931       |
|    explained_variance   | 0.589        |
|    learning_rate        | 0.000915     |
|    loss                 | 4.71         |
|    n_updates            | 130          |
|    policy_gradient_loss | -0.003       |
|    std                  | 0.614        |
|    value_loss           | 8.25         |
------------------------------------------
------------------------------------------
| rollout/                |              |
|    ep_len_mean          | 1.58e+04     |
|    ep_rew_mean          | -6.69e+03    |
| time/                   |              |
|    fps                  | 64           |
|    iterations           | 15           |
|    time_elapsed         | 15250        |
|    total_timesteps      | 983040       |
| train/                  |              |
|    approx_kl            | 0.0051298942 |
|    clip_fraction        | 0.059        |
|    clip_range           | 0.2          |
|    entropy_loss         | -0.922       |
|    explained_variance   | 0.584        |
|    learning_rate        | 0.000908     |
|    loss                 | 4.78         |
|    n_updates            | 140          |
|    policy_gradient_loss | -0.00301     |
|    std                  | 0.614        |
|    value_loss           | 10.1         |
------------------------------------------
-----------------------------------------
| rollout/                |             |
|    ep_len_mean          | 1.51e+04    |
|    ep_rew_mean          | -6.36e+03   |
| time/                   |             |
|    fps                  | 66          |
|    iterations           | 16          |
|    time_elapsed         | 15762       |
|    total_timesteps      | 1048576     |
| train/                  |             |
|    approx_kl            | 0.007533118 |
|    clip_fraction        | 0.0695      |
|    clip_range           | 0.2         |
|    entropy_loss         | -0.881      |
|    explained_variance   | 0.356       |
|    learning_rate        | 0.000902    |
|    loss                 | 9.5         |
|    n_updates            | 150         |
|    policy_gradient_loss | -0.00266    |
|    std                  | 0.593       |
|    value_loss           | 42.1        |
-----------------------------------------
------------------------------------------
| rollout/                |              |
|    ep_len_mean          | 1.46e+04     |
|    ep_rew_mean          | -6.08e+03    |
| time/                   |              |
|    fps                  | 68           |
|    iterations           | 17           |
|    time_elapsed         | 16304        |
|    total_timesteps      | 1114112      |
| train/                  |              |
|    approx_kl            | 0.0069450596 |
|    clip_fraction        | 0.0678       |
|    clip_range           | 0.2          |
|    entropy_loss         | -0.845       |
|    explained_variance   | 0.437        |
|    learning_rate        | 0.000895     |
|    loss                 | 11.3         |
|    n_updates            | 160          |
|    policy_gradient_loss | -0.00257     |
|    std                  | 0.565        |
|    value_loss           | 32           |
------------------------------------------
------------------------------------------
| rollout/                |              |
|    ep_len_mean          | 1.21e+04     |
|    ep_rew_mean          | -4.85e+03    |
| time/                   |              |
|    fps                  | 70           |
|    iterations           | 18           |
|    time_elapsed         | 16765        |
|    total_timesteps      | 1179648      |
| train/                  |              |
|    approx_kl            | 0.0074023074 |
|    clip_fraction        | 0.0783       |
|    clip_range           | 0.2          |
|    entropy_loss         | -0.802       |
|    explained_variance   | 0.554        |
|    learning_rate        | 0.000889     |
|    loss                 | 10.7         |
|    n_updates            | 170          |
|    policy_gradient_loss | -0.00363     |
|    std                  | 0.533        |
|    value_loss           | 25.8         |
------------------------------------------
---------------------------------------
| rollout/                |           |
|    ep_len_mean          | 1.15e+04  |
|    ep_rew_mean          | -4.53e+03 |
| time/                   |           |
|    fps                  | 72        |
|    iterations           | 19        |
|    time_elapsed         | 17168     |
|    total_timesteps      | 1245184   |
| train/                  |           |
|    approx_kl            | 0.0085021 |
|    clip_fraction        | 0.0737    |
|    clip_range           | 0.2       |
|    entropy_loss         | -0.738    |
|    explained_variance   | 0.385     |
|    learning_rate        | 0.000882  |
|    loss                 | 10.6      |
|    n_updates            | 180       |
|    policy_gradient_loss | -0.00229  |
|    std                  | 0.513     |
|    value_loss           | 56.9      |
---------------------------------------
------------------------------------------
| rollout/                |              |
|    ep_len_mean          | 7.83e+03     |
|    ep_rew_mean          | -2.71e+03    |
| time/                   |              |
|    fps                  | 74           |
|    iterations           | 20           |
|    time_elapsed         | 17536        |
|    total_timesteps      | 1310720      |
| train/                  |              |
|    approx_kl            | 0.0070527433 |
|    clip_fraction        | 0.0726       |
|    clip_range           | 0.2          |
|    entropy_loss         | -0.697       |
|    explained_variance   | 0.43         |
|    learning_rate        | 0.000875     |
|    loss                 | 18.3         |
|    n_updates            | 190          |
|    policy_gradient_loss | -0.00234     |
|    std                  | 0.483        |
|    value_loss           | 35.8         |
------------------------------------------
-----------------------------------------
| rollout/                |             |
|    ep_len_mean          | 5.82e+03    |
|    ep_rew_mean          | -1.71e+03   |
| time/                   |             |
|    fps                  | 76          |
|    iterations           | 21          |
|    time_elapsed         | 17900       |
|    total_timesteps      | 1376256     |
| train/                  |             |
|    approx_kl            | 0.007689119 |
|    clip_fraction        | 0.0702      |
|    clip_range           | 0.2         |
|    entropy_loss         | -0.64       |
|    explained_variance   | 0.357       |
|    learning_rate        | 0.000869    |
|    loss                 | 21.7        |
|    n_updates            | 200         |
|    policy_gradient_loss | -0.00159    |
|    std                  | 0.455       |
|    value_loss           | 59.9        |
-----------------------------------------
------------------------------------------
| rollout/                |              |
|    ep_len_mean          | 4.1e+03      |
|    ep_rew_mean          | -851         |
| time/                   |              |
|    fps                  | 79           |
|    iterations           | 22           |
|    time_elapsed         | 18216        |
|    total_timesteps      | 1441792      |
| train/                  |              |
|    approx_kl            | 0.0071578175 |
|    clip_fraction        | 0.0755       |
|    clip_range           | 0.2          |
|    entropy_loss         | -0.575       |
|    explained_variance   | 0.384        |
|    learning_rate        | 0.000862     |
|    loss                 | 38.7         |
|    n_updates            | 210          |
|    policy_gradient_loss | -0.00166     |
|    std                  | 0.424        |
|    value_loss           | 53.2         |
------------------------------------------
-----------------------------------------
| rollout/                |             |
|    ep_len_mean          | 3.48e+03    |
|    ep_rew_mean          | -538        |
| time/                   |             |
|    fps                  | 81          |
|    iterations           | 23          |
|    time_elapsed         | 18504       |
|    total_timesteps      | 1507328     |
| train/                  |             |
|    approx_kl            | 0.008853502 |
|    clip_fraction        | 0.0815      |
|    clip_range           | 0.2         |
|    entropy_loss         | -0.507      |
|    explained_variance   | 0.343       |
|    learning_rate        | 0.000856    |
|    loss                 | 14.2        |
|    n_updates            | 220         |
|    policy_gradient_loss | -0.00153    |
|    std                  | 0.401       |
|    value_loss           | 59.1        |
-----------------------------------------
------------------------------------------
| rollout/                |              |
|    ep_len_mean          | 2.92e+03     |
|    ep_rew_mean          | -262         |
| time/                   |              |
|    fps                  | 83           |
|    iterations           | 24           |
|    time_elapsed         | 18785        |
|    total_timesteps      | 1572864      |
| train/                  |              |
|    approx_kl            | 0.0067937877 |
|    clip_fraction        | 0.0715       |
|    clip_range           | 0.2          |
|    entropy_loss         | -0.455       |
|    explained_variance   | 0.348        |
|    learning_rate        | 0.000849     |
|    loss                 | 16.2         |
|    n_updates            | 230          |
|    policy_gradient_loss | -0.000514    |
|    std                  | 0.379        |
|    value_loss           | 60.4         |
------------------------------------------
-----------------------------------------
| rollout/                |             |
|    ep_len_mean          | 2.63e+03    |
|    ep_rew_mean          | -117        |
| time/                   |             |
|    fps                  | 85          |
|    iterations           | 25          |
|    time_elapsed         | 19065       |
|    total_timesteps      | 1638400     |
| train/                  |             |
|    approx_kl            | 0.007842792 |
|    clip_fraction        | 0.0764      |
|    clip_range           | 0.2         |
|    entropy_loss         | -0.398      |
|    explained_variance   | 0.317       |
|    learning_rate        | 0.000843    |
|    loss                 | 67          |
|    n_updates            | 240         |
|    policy_gradient_loss | -0.00075    |
|    std                  | 0.362       |
|    value_loss           | 68.2        |
-----------------------------------------
-----------------------------------------
| rollout/                |             |
|    ep_len_mean          | 2.43e+03    |
|    ep_rew_mean          | -13.7       |
| time/                   |             |
|    fps                  | 88          |
|    iterations           | 26          |
|    time_elapsed         | 19337       |
|    total_timesteps      | 1703936     |
| train/                  |             |
|    approx_kl            | 0.008140347 |
|    clip_fraction        | 0.0839      |
|    clip_range           | 0.2         |
|    entropy_loss         | -0.343      |
|    explained_variance   | 0.339       |
|    learning_rate        | 0.000836    |
|    loss                 | 29.3        |
|    n_updates            | 250         |
|    policy_gradient_loss | -0.00115    |
|    std                  | 0.339       |
|    value_loss           | 60          |
-----------------------------------------
-----------------------------------------
| rollout/                |             |
|    ep_len_mean          | 2.28e+03    |
|    ep_rew_mean          | 59.8        |
| time/                   |             |
|    fps                  | 90          |
|    iterations           | 27          |
|    time_elapsed         | 19598       |
|    total_timesteps      | 1769472     |
| train/                  |             |
|    approx_kl            | 0.008122223 |
|    clip_fraction        | 0.0767      |
|    clip_range           | 0.2         |
|    entropy_loss         | -0.288      |
|    explained_variance   | 0.347       |
|    learning_rate        | 0.00083     |
|    loss                 | 33.8        |
|    n_updates            | 260         |
|    policy_gradient_loss | -0.000373   |
|    std                  | 0.322       |
|    value_loss           | 61.7        |
-----------------------------------------
-----------------------------------------
| rollout/                |             |
|    ep_len_mean          | 2.17e+03    |
|    ep_rew_mean          | 115         |
| time/                   |             |
|    fps                  | 92          |
|    iterations           | 28          |
|    time_elapsed         | 19852       |
|    total_timesteps      | 1835008     |
| train/                  |             |
|    approx_kl            | 0.007993687 |
|    clip_fraction        | 0.0784      |
|    clip_range           | 0.2         |
|    entropy_loss         | -0.235      |
|    explained_variance   | 0.355       |
|    learning_rate        | 0.000823    |
|    loss                 | 28.8        |
|    n_updates            | 270         |
|    policy_gradient_loss | -0.000261   |
|    std                  | 0.307       |
|    value_loss           | 59.4        |
-----------------------------------------
------------------------------------------
| rollout/                |              |
|    ep_len_mean          | 2.07e+03     |
|    ep_rew_mean          | 163          |
| time/                   |              |
|    fps                  | 94           |
|    iterations           | 29           |
|    time_elapsed         | 20106        |
|    total_timesteps      | 1900544      |
| train/                  |              |
|    approx_kl            | 0.0075930264 |
|    clip_fraction        | 0.0754       |
|    clip_range           | 0.2          |
|    entropy_loss         | -0.192       |
|    explained_variance   | 0.372        |
|    learning_rate        | 0.000816     |
|    loss                 | 34           |
|    n_updates            | 280          |
|    policy_gradient_loss | 7.38e-06     |
|    std                  | 0.292        |
|    value_loss           | 56.5         |
------------------------------------------
----------------------------------------
| rollout/                |            |
|    ep_len_mean          | 2e+03      |
|    ep_rew_mean          | 198        |
| time/                   |            |
|    fps                  | 96         |
|    iterations           | 30         |
|    time_elapsed         | 20346      |
|    total_timesteps      | 1966080    |
| train/                  |            |
|    approx_kl            | 0.00790182 |
|    clip_fraction        | 0.0772     |
|    clip_range           | 0.2        |
|    entropy_loss         | -0.148     |
|    explained_variance   | 0.367      |
|    learning_rate        | 0.00081    |
|    loss                 | 44         |
|    n_updates            | 290        |
|    policy_gradient_loss | -5.52e-05  |
|    std                  | 0.281      |
|    value_loss           | 58         |
----------------------------------------
-----------------------------------------
| rollout/                |             |
|    ep_len_mean          | 1.94e+03    |
|    ep_rew_mean          | 231         |
| time/                   |             |
|    fps                  | 98          |
|    iterations           | 31          |
|    time_elapsed         | 20589       |
|    total_timesteps      | 2031616     |
| train/                  |             |
|    approx_kl            | 0.007313703 |
|    clip_fraction        | 0.0757      |
|    clip_range           | 0.2         |
|    entropy_loss         | -0.108      |
|    explained_variance   | 0.359       |
|    learning_rate        | 0.000803    |
|    loss                 | 21.7        |
|    n_updates            | 300         |
|    policy_gradient_loss | 0.00033     |
|    std                  | 0.269       |
|    value_loss           | 55.1        |
-----------------------------------------
------------------------------------------
| rollout/                |              |
|    ep_len_mean          | 1.89e+03     |
|    ep_rew_mean          | 256          |
| time/                   |              |
|    fps                  | 100          |
|    iterations           | 32           |
|    time_elapsed         | 20829        |
|    total_timesteps      | 2097152      |
| train/                  |              |
|    approx_kl            | 0.0068751457 |
|    clip_fraction        | 0.0755       |
|    clip_range           | 0.2          |
|    entropy_loss         | -0.0682      |
|    explained_variance   | 0.384        |
|    learning_rate        | 0.000797     |
|    loss                 | 19.2         |
|    n_updates            | 310          |
|    policy_gradient_loss | 0.000422     |
|    std                  | 0.258        |
|    value_loss           | 54.3         |
------------------------------------------
------------------------------------------
| rollout/                |              |
|    ep_len_mean          | 1.83e+03     |
|    ep_rew_mean          | 283          |
| time/                   |              |
|    fps                  | 102          |
|    iterations           | 33           |
|    time_elapsed         | 21062        |
|    total_timesteps      | 2162688      |
| train/                  |              |
|    approx_kl            | 0.0069288346 |
|    clip_fraction        | 0.0773       |
|    clip_range           | 0.2          |
|    entropy_loss         | -0.0254      |
|    explained_variance   | 0.391        |
|    learning_rate        | 0.00079      |
|    loss                 | 25.3         |
|    n_updates            | 320          |
|    policy_gradient_loss | 0.000692     |
|    std                  | 0.249        |
|    value_loss           | 50.9         |
------------------------------------------
-----------------------------------------
| rollout/                |             |
|    ep_len_mean          | 1.78e+03    |
|    ep_rew_mean          | 312         |
| time/                   |             |
|    fps                  | 104         |
|    iterations           | 34          |
|    time_elapsed         | 21299       |
|    total_timesteps      | 2228224     |
| train/                  |             |
|    approx_kl            | 0.007204966 |
|    clip_fraction        | 0.0764      |
|    clip_range           | 0.2         |
|    entropy_loss         | 0.0035      |
|    explained_variance   | 0.388       |
|    learning_rate        | 0.000784    |
|    loss                 | 16.2        |
|    n_updates            | 330         |
|    policy_gradient_loss | 0.00075     |
|    std                  | 0.239       |
|    value_loss           | 50.3        |
-----------------------------------------
-----------------------------------------
| rollout/                |             |
|    ep_len_mean          | 1.75e+03    |
|    ep_rew_mean          | 327         |
| time/                   |             |
|    fps                  | 106         |
|    iterations           | 35          |
|    time_elapsed         | 21528       |
|    total_timesteps      | 2293760     |
| train/                  |             |
|    approx_kl            | 0.007194048 |
|    clip_fraction        | 0.0816      |
|    clip_range           | 0.2         |
|    entropy_loss         | 0.0519      |
|    explained_variance   | 0.386       |
|    learning_rate        | 0.000777    |
|    loss                 | 27          |
|    n_updates            | 340         |
|    policy_gradient_loss | 0.00077     |
|    std                  | 0.228       |
|    value_loss           | 49.7        |
-----------------------------------------
------------------------------------------
| rollout/                |              |
|    ep_len_mean          | 1.72e+03     |
|    ep_rew_mean          | 341          |
| time/                   |              |
|    fps                  | 108          |
|    iterations           | 36           |
|    time_elapsed         | 21751        |
|    total_timesteps      | 2359296      |
| train/                  |              |
|    approx_kl            | 0.0069062645 |
|    clip_fraction        | 0.0776       |
|    clip_range           | 0.2          |
|    entropy_loss         | 0.0901       |
|    explained_variance   | 0.419        |
|    learning_rate        | 0.000771     |
|    loss                 | 23           |
|    n_updates            | 350          |
|    policy_gradient_loss | 0.00113      |
|    std                  | 0.22         |
|    value_loss           | 46           |
------------------------------------------
-----------------------------------------
| rollout/                |             |
|    ep_len_mean          | 1.7e+03     |
|    ep_rew_mean          | 350         |
| time/                   |             |
|    fps                  | 110         |
|    iterations           | 37          |
|    time_elapsed         | 21979       |
|    total_timesteps      | 2424832     |
| train/                  |             |
|    approx_kl            | 0.006833035 |
|    clip_fraction        | 0.0794      |
|    clip_range           | 0.2         |
|    entropy_loss         | 0.128       |
|    explained_variance   | 0.416       |
|    learning_rate        | 0.000764    |
|    loss                 | 32.7        |
|    n_updates            | 360         |
|    policy_gradient_loss | 0.00106     |
|    std                  | 0.213       |
|    value_loss           | 47.9        |
-----------------------------------------
-----------------------------------------
| rollout/                |             |
|    ep_len_mean          | 1.66e+03    |
|    ep_rew_mean          | 369         |
| time/                   |             |
|    fps                  | 112         |
|    iterations           | 38          |
|    time_elapsed         | 22203       |
|    total_timesteps      | 2490368     |
| train/                  |             |
|    approx_kl            | 0.007533742 |
|    clip_fraction        | 0.0816      |
|    clip_range           | 0.2         |
|    entropy_loss         | 0.154       |
|    explained_variance   | 0.414       |
|    learning_rate        | 0.000758    |
|    loss                 | 17.3        |
|    n_updates            | 370         |
|    policy_gradient_loss | 0.00135     |
|    std                  | 0.206       |
|    value_loss           | 44.3        |
-----------------------------------------
------------------------------------------
| rollout/                |              |
|    ep_len_mean          | 1.62e+03     |
|    ep_rew_mean          | 391          |
| time/                   |              |
|    fps                  | 113          |
|    iterations           | 39           |
|    time_elapsed         | 22422        |
|    total_timesteps      | 2555904      |
| train/                  |              |
|    approx_kl            | 0.0072433054 |
|    clip_fraction        | 0.0756       |
|    clip_range           | 0.2          |
|    entropy_loss         | 0.185        |
|    explained_variance   | 0.406        |
|    learning_rate        | 0.000751     |
|    loss                 | 24.1         |
|    n_updates            | 380          |
|    policy_gradient_loss | 0.00183      |
|    std                  | 0.2          |
|    value_loss           | 44.8         |
------------------------------------------
-----------------------------------------
| rollout/                |             |
|    ep_len_mean          | 1.59e+03    |
|    ep_rew_mean          | 404         |
| time/                   |             |
|    fps                  | 115         |
|    iterations           | 40          |
|    time_elapsed         | 22638       |
|    total_timesteps      | 2621440     |
| train/                  |             |
|    approx_kl            | 0.007294086 |
|    clip_fraction        | 0.0827      |
|    clip_range           | 0.2         |
|    entropy_loss         | 0.222       |
|    explained_variance   | 0.418       |
|    learning_rate        | 0.000744    |
|    loss                 | 21.7        |
|    n_updates            | 390         |
|    policy_gradient_loss | 0.00138     |
|    std                  | 0.194       |
|    value_loss           | 44.1        |
-----------------------------------------
-----------------------------------------
| rollout/                |             |
|    ep_len_mean          | 1.58e+03    |
|    ep_rew_mean          | 408         |
| time/                   |             |
|    fps                  | 117         |
|    iterations           | 41          |
|    time_elapsed         | 22858       |
|    total_timesteps      | 2686976     |
| train/                  |             |
|    approx_kl            | 0.006666535 |
|    clip_fraction        | 0.0757      |
|    clip_range           | 0.2         |
|    entropy_loss         | 0.243       |
|    explained_variance   | 0.433       |
|    learning_rate        | 0.000738    |
|    loss                 | 22.4        |
|    n_updates            | 400         |
|    policy_gradient_loss | 0.00203     |
|    std                  | 0.19        |
|    value_loss           | 43.8        |
-----------------------------------------
------------------------------------------
| rollout/                |              |
|    ep_len_mean          | 1.57e+03     |
|    ep_rew_mean          | 413          |
| time/                   |              |
|    fps                  | 119          |
|    iterations           | 42           |
|    time_elapsed         | 23074        |
|    total_timesteps      | 2752512      |
| train/                  |              |
|    approx_kl            | 0.0074698334 |
|    clip_fraction        | 0.0792       |
|    clip_range           | 0.2          |
|    entropy_loss         | 0.269        |
|    explained_variance   | 0.407        |
|    learning_rate        | 0.000731     |
|    loss                 | 34           |
|    n_updates            | 410          |
|    policy_gradient_loss | 0.00132      |
|    std                  | 0.184        |
|    value_loss           | 45.5         |
------------------------------------------
-----------------------------------------
| rollout/                |             |
|    ep_len_mean          | 1.55e+03    |
|    ep_rew_mean          | 425         |
| time/                   |             |
|    fps                  | 120         |
|    iterations           | 43          |
|    time_elapsed         | 23289       |
|    total_timesteps      | 2818048     |
| train/                  |             |
|    approx_kl            | 0.007459113 |
|    clip_fraction        | 0.0803      |
|    clip_range           | 0.2         |
|    entropy_loss         | 0.298       |
|    explained_variance   | 0.411       |
|    learning_rate        | 0.000725    |
|    loss                 | 19.1        |
|    n_updates            | 420         |
|    policy_gradient_loss | 0.00212     |
|    std                  | 0.178       |
|    value_loss           | 47.8        |
-----------------------------------------
-----------------------------------------
| rollout/                |             |
|    ep_len_mean          | 1.53e+03    |
|    ep_rew_mean          | 438         |
| time/                   |             |
|    fps                  | 122         |
|    iterations           | 44          |
|    time_elapsed         | 23500       |
|    total_timesteps      | 2883584     |
| train/                  |             |
|    approx_kl            | 0.007812359 |
|    clip_fraction        | 0.0832      |
|    clip_range           | 0.2         |
|    entropy_loss         | 0.334       |
|    explained_variance   | 0.398       |
|    learning_rate        | 0.000718    |
|    loss                 | 18.8        |
|    n_updates            | 430         |
|    policy_gradient_loss | 0.00155     |
|    std                  | 0.173       |
|    value_loss           | 45.7        |
-----------------------------------------
-----------------------------------------
| rollout/                |             |
|    ep_len_mean          | 1.53e+03    |
|    ep_rew_mean          | 434         |
| time/                   |             |
|    fps                  | 124         |
|    iterations           | 45          |
|    time_elapsed         | 23713       |
|    total_timesteps      | 2949120     |
| train/                  |             |
|    approx_kl            | 0.007397492 |
|    clip_fraction        | 0.0843      |
|    clip_range           | 0.2         |
|    entropy_loss         | 0.361       |
|    explained_variance   | 0.405       |
|    learning_rate        | 0.000712    |
|    loss                 | 28          |
|    n_updates            | 440         |
|    policy_gradient_loss | 0.00193     |
|    std                  | 0.169       |
|    value_loss           | 45.1        |
-----------------------------------------
-----------------------------------------
| rollout/                |             |
|    ep_len_mean          | 1.52e+03    |
|    ep_rew_mean          | 438         |
| time/                   |             |
|    fps                  | 125         |
|    iterations           | 46          |
|    time_elapsed         | 23930       |
|    total_timesteps      | 3014656     |
| train/                  |             |
|    approx_kl            | 0.007627787 |
|    clip_fraction        | 0.0854      |
|    clip_range           | 0.2         |
|    entropy_loss         | 0.388       |
|    explained_variance   | 0.39        |
|    learning_rate        | 0.000705    |
|    loss                 | 19.8        |
|    n_updates            | 450         |
|    policy_gradient_loss | 0.00233     |
|    std                  | 0.165       |
|    value_loss           | 47.7        |
-----------------------------------------
-----------------------------------------
| rollout/                |             |
|    ep_len_mean          | 1.51e+03    |
|    ep_rew_mean          | 443         |
| time/                   |             |
|    fps                  | 127         |
|    iterations           | 47          |
|    time_elapsed         | 24138       |
|    total_timesteps      | 3080192     |
| train/                  |             |
|    approx_kl            | 0.007611961 |
|    clip_fraction        | 0.0821      |
|    clip_range           | 0.2         |
|    entropy_loss         | 0.401       |
|    explained_variance   | 0.397       |
|    learning_rate        | 0.000699    |
|    loss                 | 25.9        |
|    n_updates            | 460         |
|    policy_gradient_loss | 0.00234     |
|    std                  | 0.161       |
|    value_loss           | 48.5        |
-----------------------------------------
-----------------------------------------
| rollout/                |             |
|    ep_len_mean          | 1.5e+03     |
|    ep_rew_mean          | 448         |
| time/                   |             |
|    fps                  | 129         |
|    iterations           | 48          |
|    time_elapsed         | 24347       |
|    total_timesteps      | 3145728     |
| train/                  |             |
|    approx_kl            | 0.006981315 |
|    clip_fraction        | 0.085       |
|    clip_range           | 0.2         |
|    entropy_loss         | 0.429       |
|    explained_variance   | 0.38        |
|    learning_rate        | 0.000692    |
|    loss                 | 29.9        |
|    n_updates            | 470         |
|    policy_gradient_loss | 0.00257     |
|    std                  | 0.159       |
|    value_loss           | 51.3        |
-----------------------------------------
------------------------------------------
| rollout/                |              |
|    ep_len_mean          | 1.48e+03     |
|    ep_rew_mean          | 459          |
| time/                   |              |
|    fps                  | 130          |
|    iterations           | 49           |
|    time_elapsed         | 24555        |
|    total_timesteps      | 3211264      |
| train/                  |              |
|    approx_kl            | 0.0077497796 |
|    clip_fraction        | 0.084        |
|    clip_range           | 0.2          |
|    entropy_loss         | 0.443        |
|    explained_variance   | 0.381        |
|    learning_rate        | 0.000685     |
|    loss                 | 23           |
|    n_updates            | 480          |
|    policy_gradient_loss | 0.0023       |
|    std                  | 0.156        |
|    value_loss           | 54.2         |
------------------------------------------
-----------------------------------------
| rollout/                |             |
|    ep_len_mean          | 1.46e+03    |
|    ep_rew_mean          | 472         |
| time/                   |             |
|    fps                  | 132         |
|    iterations           | 50          |
|    time_elapsed         | 24758       |
|    total_timesteps      | 3276800     |
| train/                  |             |
|    approx_kl            | 0.008200123 |
|    clip_fraction        | 0.0829      |
|    clip_range           | 0.2         |
|    entropy_loss         | 0.463       |
|    explained_variance   | 0.36        |
|    learning_rate        | 0.000679    |
|    loss                 | 26.6        |
|    n_updates            | 490         |
|    policy_gradient_loss | 0.00269     |
|    std                  | 0.151       |
|    value_loss           | 59          |
-----------------------------------------
-----------------------------------------
| rollout/                |             |
|    ep_len_mean          | 1.45e+03    |
|    ep_rew_mean          | 476         |
| time/                   |             |
|    fps                  | 133         |
|    iterations           | 51          |
|    time_elapsed         | 24963       |
|    total_timesteps      | 3342336     |
| train/                  |             |
|    approx_kl            | 0.008325908 |
|    clip_fraction        | 0.0859      |
|    clip_range           | 0.2         |
|    entropy_loss         | 0.49        |
|    explained_variance   | 0.339       |
|    learning_rate        | 0.000672    |
|    loss                 | 42.5        |
|    n_updates            | 500         |
|    policy_gradient_loss | 0.00286     |
|    std                  | 0.148       |
|    value_loss           | 59.8        |
-----------------------------------------
------------------------------------------
| rollout/                |              |
|    ep_len_mean          | 1.45e+03     |
|    ep_rew_mean          | 474          |
| time/                   |              |
|    fps                  | 135          |
|    iterations           | 52           |
|    time_elapsed         | 25171        |
|    total_timesteps      | 3407872      |
| train/                  |              |
|    approx_kl            | 0.0072796084 |
|    clip_fraction        | 0.0831       |
|    clip_range           | 0.2          |
|    entropy_loss         | 0.509        |
|    explained_variance   | 0.353        |
|    learning_rate        | 0.000666     |
|    loss                 | 27.1         |
|    n_updates            | 510          |
|    policy_gradient_loss | 0.00277      |
|    std                  | 0.145        |
|    value_loss           | 59.4         |
------------------------------------------
-----------------------------------------
| rollout/                |             |
|    ep_len_mean          | 1.46e+03    |
|    ep_rew_mean          | 471         |
| time/                   |             |
|    fps                  | 136         |
|    iterations           | 53          |
|    time_elapsed         | 25375       |
|    total_timesteps      | 3473408     |
| train/                  |             |
|    approx_kl            | 0.007635411 |
|    clip_fraction        | 0.0876      |
|    clip_range           | 0.2         |
|    entropy_loss         | 0.53        |
|    explained_variance   | 0.352       |
|    learning_rate        | 0.000659    |
|    loss                 | 22.2        |
|    n_updates            | 520         |
|    policy_gradient_loss | 0.00266     |
|    std                  | 0.143       |
|    value_loss           | 60.2        |
-----------------------------------------
------------------------------------------
| rollout/                |              |
|    ep_len_mean          | 1.44e+03     |
|    ep_rew_mean          | 478          |
| time/                   |              |
|    fps                  | 138          |
|    iterations           | 54           |
|    time_elapsed         | 25577        |
|    total_timesteps      | 3538944      |
| train/                  |              |
|    approx_kl            | 0.0077263042 |
|    clip_fraction        | 0.0884       |
|    clip_range           | 0.2          |
|    entropy_loss         | 0.548        |
|    explained_variance   | 0.339        |
|    learning_rate        | 0.000653     |
|    loss                 | 17.2         |
|    n_updates            | 530          |
|    policy_gradient_loss | 0.00289      |
|    std                  | 0.14         |
|    value_loss           | 62.8         |
------------------------------------------
---------------------------------------
| rollout/                |           |
|    ep_len_mean          | 1.45e+03  |
|    ep_rew_mean          | 475       |
| time/                   |           |
|    fps                  | 139       |
|    iterations           | 55        |
|    time_elapsed         | 25785     |
|    total_timesteps      | 3604480   |
| train/                  |           |
|    approx_kl            | 0.0074447 |
|    clip_fraction        | 0.0832    |
|    clip_range           | 0.2       |
|    entropy_loss         | 0.561     |
|    explained_variance   | 0.317     |
|    learning_rate        | 0.000646  |
|    loss                 | 21.2      |
|    n_updates            | 540       |
|    policy_gradient_loss | 0.003     |
|    std                  | 0.137     |
|    value_loss           | 67.6      |
---------------------------------------
----------------------------------------
| rollout/                |            |
|    ep_len_mean          | 1.46e+03   |
|    ep_rew_mean          | 468        |
| time/                   |            |
|    fps                  | 141        |
|    iterations           | 56         |
|    time_elapsed         | 25992      |
|    total_timesteps      | 3670016    |
| train/                  |            |
|    approx_kl            | 0.00858844 |
|    clip_fraction        | 0.0885     |
|    clip_range           | 0.2        |
|    entropy_loss         | 0.582      |
|    explained_variance   | 0.327      |
|    learning_rate        | 0.00064    |
|    loss                 | 22.6       |
|    n_updates            | 550        |
|    policy_gradient_loss | 0.00292    |
|    std                  | 0.134      |
|    value_loss           | 67         |
----------------------------------------
-----------------------------------------
| rollout/                |             |
|    ep_len_mean          | 1.46e+03    |
|    ep_rew_mean          | 471         |
| time/                   |             |
|    fps                  | 142         |
|    iterations           | 57          |
|    time_elapsed         | 26195       |
|    total_timesteps      | 3735552     |
| train/                  |             |
|    approx_kl            | 0.009039357 |
|    clip_fraction        | 0.0929      |
|    clip_range           | 0.2         |
|    entropy_loss         | 0.612       |
|    explained_variance   | 0.309       |
|    learning_rate        | 0.000633    |
|    loss                 | 56.7        |
|    n_updates            | 560         |
|    policy_gradient_loss | 0.00283     |
|    std                  | 0.131       |
|    value_loss           | 68.3        |
-----------------------------------------
-----------------------------------------
| rollout/                |             |
|    ep_len_mean          | 1.43e+03    |
|    ep_rew_mean          | 483         |
| time/                   |             |
|    fps                  | 143         |
|    iterations           | 58          |
|    time_elapsed         | 26399       |
|    total_timesteps      | 3801088     |
| train/                  |             |
|    approx_kl            | 0.008964432 |
|    clip_fraction        | 0.0906      |
|    clip_range           | 0.2         |
|    entropy_loss         | 0.632       |
|    explained_variance   | 0.287       |
|    learning_rate        | 0.000626    |
|    loss                 | 39.2        |
|    n_updates            | 570         |
|    policy_gradient_loss | 0.00304     |
|    std                  | 0.129       |
|    value_loss           | 71.8        |
-----------------------------------------
-----------------------------------------
| rollout/                |             |
|    ep_len_mean          | 1.4e+03     |
|    ep_rew_mean          | 501         |
| time/                   |             |
|    fps                  | 145         |
|    iterations           | 59          |
|    time_elapsed         | 26596       |
|    total_timesteps      | 3866624     |
| train/                  |             |
|    approx_kl            | 0.009223008 |
|    clip_fraction        | 0.0918      |
|    clip_range           | 0.2         |
|    entropy_loss         | 0.647       |
|    explained_variance   | 0.291       |
|    learning_rate        | 0.00062     |
|    loss                 | 30.7        |
|    n_updates            | 580         |
|    policy_gradient_loss | 0.0031      |
|    std                  | 0.127       |
|    value_loss           | 74.6        |
-----------------------------------------
-----------------------------------------
| rollout/                |             |
|    ep_len_mean          | 1.39e+03    |
|    ep_rew_mean          | 503         |
| time/                   |             |
|    fps                  | 146         |
|    iterations           | 60          |
|    time_elapsed         | 26799       |
|    total_timesteps      | 3932160     |
| train/                  |             |
|    approx_kl            | 0.008734701 |
|    clip_fraction        | 0.0931      |
|    clip_range           | 0.2         |
|    entropy_loss         | 0.666       |
|    explained_variance   | 0.278       |
|    learning_rate        | 0.000613    |
|    loss                 | 32.2        |
|    n_updates            | 590         |
|    policy_gradient_loss | 0.0033      |
|    std                  | 0.124       |
|    value_loss           | 79.8        |
-----------------------------------------
-----------------------------------------
| rollout/                |             |
|    ep_len_mean          | 1.4e+03     |
|    ep_rew_mean          | 502         |
| time/                   |             |
|    fps                  | 148         |
|    iterations           | 61          |
|    time_elapsed         | 27000       |
|    total_timesteps      | 3997696     |
| train/                  |             |
|    approx_kl            | 0.007968672 |
|    clip_fraction        | 0.0936      |
|    clip_range           | 0.2         |
|    entropy_loss         | 0.684       |
|    explained_variance   | 0.263       |
|    learning_rate        | 0.000607    |
|    loss                 | 34.5        |
|    n_updates            | 600         |
|    policy_gradient_loss | 0.00288     |
|    std                  | 0.121       |
|    value_loss           | 81          |
-----------------------------------------
-----------------------------------------
| rollout/                |             |
|    ep_len_mean          | 1.38e+03    |
|    ep_rew_mean          | 511         |
| time/                   |             |
|    fps                  | 149         |
|    iterations           | 62          |
|    time_elapsed         | 27197       |
|    total_timesteps      | 4063232     |
| train/                  |             |
|    approx_kl            | 0.008511925 |
|    clip_fraction        | 0.0922      |
|    clip_range           | 0.2         |
|    entropy_loss         | 0.709       |
|    explained_variance   | 0.265       |
|    learning_rate        | 0.0006      |
|    loss                 | 19.6        |
|    n_updates            | 610         |
|    policy_gradient_loss | 0.00327     |
|    std                  | 0.119       |
|    value_loss           | 86.9        |
-----------------------------------------
-----------------------------------------
| rollout/                |             |
|    ep_len_mean          | 1.38e+03    |
|    ep_rew_mean          | 508         |
| time/                   |             |
|    fps                  | 150         |
|    iterations           | 63          |
|    time_elapsed         | 27397       |
|    total_timesteps      | 4128768     |
| train/                  |             |
|    approx_kl            | 0.009054996 |
|    clip_fraction        | 0.0929      |
|    clip_range           | 0.2         |
|    entropy_loss         | 0.723       |
|    explained_variance   | 0.27        |
|    learning_rate        | 0.000594    |
|    loss                 | 33          |
|    n_updates            | 620         |
|    policy_gradient_loss | 0.00345     |
|    std                  | 0.118       |
|    value_loss           | 86.6        |
-----------------------------------------
-----------------------------------------
| rollout/                |             |
|    ep_len_mean          | 1.4e+03     |
|    ep_rew_mean          | 502         |
| time/                   |             |
|    fps                  | 151         |
|    iterations           | 64          |
|    time_elapsed         | 27596       |
|    total_timesteps      | 4194304     |
| train/                  |             |
|    approx_kl            | 0.008178323 |
|    clip_fraction        | 0.0917      |
|    clip_range           | 0.2         |
|    entropy_loss         | 0.732       |
|    explained_variance   | 0.255       |
|    learning_rate        | 0.000587    |
|    loss                 | 64.1        |
|    n_updates            | 630         |
|    policy_gradient_loss | 0.00302     |
|    std                  | 0.117       |
|    value_loss           | 88.5        |
-----------------------------------------
-----------------------------------------
| rollout/                |             |
|    ep_len_mean          | 1.39e+03    |
|    ep_rew_mean          | 505         |
| time/                   |             |
|    fps                  | 153         |
|    iterations           | 65          |
|    time_elapsed         | 27794       |
|    total_timesteps      | 4259840     |
| train/                  |             |
|    approx_kl            | 0.008928191 |
|    clip_fraction        | 0.0941      |
|    clip_range           | 0.2         |
|    entropy_loss         | 0.741       |
|    explained_variance   | 0.243       |
|    learning_rate        | 0.000581    |
|    loss                 | 22.1        |
|    n_updates            | 640         |
|    policy_gradient_loss | 0.00297     |
|    std                  | 0.114       |
|    value_loss           | 92.9        |
-----------------------------------------
-----------------------------------------
| rollout/                |             |
|    ep_len_mean          | 1.38e+03    |
|    ep_rew_mean          | 509         |
| time/                   |             |
|    fps                  | 154         |
|    iterations           | 66          |
|    time_elapsed         | 27995       |
|    total_timesteps      | 4325376     |
| train/                  |             |
|    approx_kl            | 0.008969875 |
|    clip_fraction        | 0.0934      |
|    clip_range           | 0.2         |
|    entropy_loss         | 0.758       |
|    explained_variance   | 0.232       |
|    learning_rate        | 0.000574    |
|    loss                 | 29.2        |
|    n_updates            | 650         |
|    policy_gradient_loss | 0.00339     |
|    std                  | 0.112       |
|    value_loss           | 97.8        |
-----------------------------------------
----------------------------------------
| rollout/                |            |
|    ep_len_mean          | 1.37e+03   |
|    ep_rew_mean          | 516        |
| time/                   |            |
|    fps                  | 155        |
|    iterations           | 67         |
|    time_elapsed         | 28189      |
|    total_timesteps      | 4390912    |
| train/                  |            |
|    approx_kl            | 0.00917599 |
|    clip_fraction        | 0.0949     |
|    clip_range           | 0.2        |
|    entropy_loss         | 0.79       |
|    explained_variance   | 0.25       |
|    learning_rate        | 0.000567   |
|    loss                 | 22.8       |
|    n_updates            | 660        |
|    policy_gradient_loss | 0.00309    |
|    std                  | 0.109      |
|    value_loss           | 98.2       |
----------------------------------------
------------------------------------------
| rollout/                |              |
|    ep_len_mean          | 1.36e+03     |
|    ep_rew_mean          | 520          |
| time/                   |              |
|    fps                  | 156          |
|    iterations           | 68           |
|    time_elapsed         | 28388        |
|    total_timesteps      | 4456448      |
| train/                  |              |
|    approx_kl            | 0.0086873565 |
|    clip_fraction        | 0.0937       |
|    clip_range           | 0.2          |
|    entropy_loss         | 0.812        |
|    explained_variance   | 0.227        |
|    learning_rate        | 0.000561     |
|    loss                 | 44.4         |
|    n_updates            | 670          |
|    policy_gradient_loss | 0.00323      |
|    std                  | 0.107        |
|    value_loss           | 105          |
------------------------------------------
-----------------------------------------
| rollout/                |             |
|    ep_len_mean          | 1.36e+03    |
|    ep_rew_mean          | 521         |
| time/                   |             |
|    fps                  | 158         |
|    iterations           | 69          |
|    time_elapsed         | 28583       |
|    total_timesteps      | 4521984     |
| train/                  |             |
|    approx_kl            | 0.009001567 |
|    clip_fraction        | 0.0967      |
|    clip_range           | 0.2         |
|    entropy_loss         | 0.831       |
|    explained_variance   | 0.218       |
|    learning_rate        | 0.000554    |
|    loss                 | 59.4        |
|    n_updates            | 680         |
|    policy_gradient_loss | 0.00318     |
|    std                  | 0.106       |
|    value_loss           | 109         |
-----------------------------------------
-----------------------------------------
| rollout/                |             |
|    ep_len_mean          | 1.36e+03    |
|    ep_rew_mean          | 521         |
| time/                   |             |
|    fps                  | 159         |
|    iterations           | 70          |
|    time_elapsed         | 28784       |
|    total_timesteps      | 4587520     |
| train/                  |             |
|    approx_kl            | 0.008649752 |
|    clip_fraction        | 0.0955      |
|    clip_range           | 0.2         |
|    entropy_loss         | 0.839       |
|    explained_variance   | 0.218       |
|    learning_rate        | 0.000548    |
|    loss                 | 139         |
|    n_updates            | 690         |
|    policy_gradient_loss | 0.00318     |
|    std                  | 0.104       |
|    value_loss           | 109         |
-----------------------------------------
-----------------------------------------
| rollout/                |             |
|    ep_len_mean          | 1.36e+03    |
|    ep_rew_mean          | 521         |
| time/                   |             |
|    fps                  | 160         |
|    iterations           | 71          |
|    time_elapsed         | 28979       |
|    total_timesteps      | 4653056     |
| train/                  |             |
|    approx_kl            | 0.009041538 |
|    clip_fraction        | 0.0956      |
|    clip_range           | 0.2         |
|    entropy_loss         | 0.854       |
|    explained_variance   | 0.211       |
|    learning_rate        | 0.000541    |
|    loss                 | 58.7        |
|    n_updates            | 700         |
|    policy_gradient_loss | 0.00349     |
|    std                  | 0.103       |
|    value_loss           | 116         |
-----------------------------------------
-----------------------------------------
| rollout/                |             |
|    ep_len_mean          | 1.35e+03    |
|    ep_rew_mean          | 527         |
| time/                   |             |
|    fps                  | 161         |
|    iterations           | 72          |
|    time_elapsed         | 29176       |
|    total_timesteps      | 4718592     |
| train/                  |             |
|    approx_kl            | 0.008295183 |
|    clip_fraction        | 0.0983      |
|    clip_range           | 0.2         |
|    entropy_loss         | 0.863       |
|    explained_variance   | 0.207       |
|    learning_rate        | 0.000535    |
|    loss                 | 52.3        |
|    n_updates            | 710         |
|    policy_gradient_loss | 0.00315     |
|    std                  | 0.102       |
|    value_loss           | 117         |
-----------------------------------------
-----------------------------------------
| rollout/                |             |
|    ep_len_mean          | 1.35e+03    |
|    ep_rew_mean          | 527         |
| time/                   |             |
|    fps                  | 162         |
|    iterations           | 73          |
|    time_elapsed         | 29374       |
|    total_timesteps      | 4784128     |
| train/                  |             |
|    approx_kl            | 0.009015733 |
|    clip_fraction        | 0.0975      |
|    clip_range           | 0.2         |
|    entropy_loss         | 0.876       |
|    explained_variance   | 0.193       |
|    learning_rate        | 0.000528    |
|    loss                 | 175         |
|    n_updates            | 720         |
|    policy_gradient_loss | 0.0031      |
|    std                  | 0.101       |
|    value_loss           | 124         |
-----------------------------------------
-----------------------------------------
| rollout/                |             |
|    ep_len_mean          | 1.34e+03    |
|    ep_rew_mean          | 530         |
| time/                   |             |
|    fps                  | 164         |
|    iterations           | 74          |
|    time_elapsed         | 29569       |
|    total_timesteps      | 4849664     |
| train/                  |             |
|    approx_kl            | 0.011298967 |
|    clip_fraction        | 0.0939      |
|    clip_range           | 0.2         |
|    entropy_loss         | 0.883       |
|    explained_variance   | 0.193       |
|    learning_rate        | 0.000522    |
|    loss                 | 38.4        |
|    n_updates            | 730         |
|    policy_gradient_loss | 0.00348     |
|    std                  | 0.1         |
|    value_loss           | 131         |
-----------------------------------------
-----------------------------------------
| rollout/                |             |
|    ep_len_mean          | 1.34e+03    |
|    ep_rew_mean          | 528         |
| time/                   |             |
|    fps                  | 165         |
|    iterations           | 75          |
|    time_elapsed         | 29766       |
|    total_timesteps      | 4915200     |
| train/                  |             |
|    approx_kl            | 0.011099033 |
|    clip_fraction        | 0.0962      |
|    clip_range           | 0.2         |
|    entropy_loss         | 0.891       |
|    explained_variance   | 0.202       |
|    learning_rate        | 0.000515    |
|    loss                 | 75.2        |
|    n_updates            | 740         |
|    policy_gradient_loss | 0.00328     |
|    std                  | 0.0988      |
|    value_loss           | 128         |
-----------------------------------------
-----------------------------------------
| rollout/                |             |
|    ep_len_mean          | 1.36e+03    |
|    ep_rew_mean          | 520         |
| time/                   |             |
|    fps                  | 166         |
|    iterations           | 76          |
|    time_elapsed         | 29959       |
|    total_timesteps      | 4980736     |
| train/                  |             |
|    approx_kl            | 0.009360686 |
|    clip_fraction        | 0.0984      |
|    clip_range           | 0.2         |
|    entropy_loss         | 0.91        |
|    explained_variance   | 0.184       |
|    learning_rate        | 0.000508    |
|    loss                 | 23.3        |
|    n_updates            | 750         |
|    policy_gradient_loss | 0.00344     |
|    std                  | 0.0977      |
|    value_loss           | 129         |
-----------------------------------------
-----------------------------------------
| rollout/                |             |
|    ep_len_mean          | 1.36e+03    |
|    ep_rew_mean          | 522         |
| time/                   |             |
|    fps                  | 167         |
|    iterations           | 77          |
|    time_elapsed         | 30161       |
|    total_timesteps      | 5046272     |
| train/                  |             |
|    approx_kl            | 0.008390255 |
|    clip_fraction        | 0.0965      |
|    clip_range           | 0.2         |
|    entropy_loss         | 0.918       |
|    explained_variance   | 0.181       |
|    learning_rate        | 0.000502    |
|    loss                 | 71.5        |
|    n_updates            | 760         |
|    policy_gradient_loss | 0.0036      |
|    std                  | 0.0968      |
|    value_loss           | 132         |
-----------------------------------------
------------------------------------------
| rollout/                |              |
|    ep_len_mean          | 1.36e+03     |
|    ep_rew_mean          | 519          |
| time/                   |              |
|    fps                  | 168          |
|    iterations           | 78           |
|    time_elapsed         | 30355        |
|    total_timesteps      | 5111808      |
| train/                  |              |
|    approx_kl            | 0.0095210215 |
|    clip_fraction        | 0.094        |
|    clip_range           | 0.2          |
|    entropy_loss         | 0.927        |
|    explained_variance   | 0.193        |
|    learning_rate        | 0.000495     |
|    loss                 | 31.7         |
|    n_updates            | 770          |
|    policy_gradient_loss | 0.0031       |
|    std                  | 0.0952       |
|    value_loss           | 130          |
------------------------------------------
-----------------------------------------
| rollout/                |             |
|    ep_len_mean          | 1.36e+03    |
|    ep_rew_mean          | 522         |
| time/                   |             |
|    fps                  | 169         |
|    iterations           | 79          |
|    time_elapsed         | 30549       |
|    total_timesteps      | 5177344     |
| train/                  |             |
|    approx_kl            | 0.008152302 |
|    clip_fraction        | 0.095       |
|    clip_range           | 0.2         |
|    entropy_loss         | 0.934       |
|    explained_variance   | 0.173       |
|    learning_rate        | 0.000489    |
|    loss                 | 53.1        |
|    n_updates            | 780         |
|    policy_gradient_loss | 0.00335     |
|    std                  | 0.0951      |
|    value_loss           | 142         |
-----------------------------------------
-----------------------------------------
| rollout/                |             |
|    ep_len_mean          | 1.34e+03    |
|    ep_rew_mean          | 532         |
| time/                   |             |
|    fps                  | 170         |
|    iterations           | 80          |
|    time_elapsed         | 30741       |
|    total_timesteps      | 5242880     |
| train/                  |             |
|    approx_kl            | 0.008534444 |
|    clip_fraction        | 0.0934      |
|    clip_range           | 0.2         |
|    entropy_loss         | 0.948       |
|    explained_variance   | 0.196       |
|    learning_rate        | 0.000482    |
|    loss                 | 135         |
|    n_updates            | 790         |
|    policy_gradient_loss | 0.00317     |
|    std                  | 0.093       |
|    value_loss           | 133         |
-----------------------------------------
-----------------------------------------
| rollout/                |             |
|    ep_len_mean          | 1.34e+03    |
|    ep_rew_mean          | 528         |
| time/                   |             |
|    fps                  | 171         |
|    iterations           | 81          |
|    time_elapsed         | 30939       |
|    total_timesteps      | 5308416     |
| train/                  |             |
|    approx_kl            | 0.008494787 |
|    clip_fraction        | 0.0966      |
|    clip_range           | 0.2         |
|    entropy_loss         | 0.964       |
|    explained_variance   | 0.168       |
|    learning_rate        | 0.000476    |
|    loss                 | 22.8        |
|    n_updates            | 800         |
|    policy_gradient_loss | 0.0034      |
|    std                  | 0.0919      |
|    value_loss           | 147         |
-----------------------------------------
----------------------------------------
| rollout/                |            |
|    ep_len_mean          | 1.35e+03   |
|    ep_rew_mean          | 526        |
| time/                   |            |
|    fps                  | 172        |
|    iterations           | 82         |
|    time_elapsed         | 31135      |
|    total_timesteps      | 5373952    |
| train/                  |            |
|    approx_kl            | 0.00797825 |
|    clip_fraction        | 0.0959     |
|    clip_range           | 0.2        |
|    entropy_loss         | 0.977      |
|    explained_variance   | 0.187      |
|    learning_rate        | 0.000469   |
|    loss                 | 63         |
|    n_updates            | 810        |
|    policy_gradient_loss | 0.00309    |
|    std                  | 0.0916     |
|    value_loss           | 139        |
----------------------------------------
-----------------------------------------
| rollout/                |             |
|    ep_len_mean          | 1.35e+03    |
|    ep_rew_mean          | 526         |
| time/                   |             |
|    fps                  | 173         |
|    iterations           | 83          |
|    time_elapsed         | 31331       |
|    total_timesteps      | 5439488     |
| train/                  |             |
|    approx_kl            | 0.008445103 |
|    clip_fraction        | 0.0938      |
|    clip_range           | 0.2         |
|    entropy_loss         | 0.983       |
|    explained_variance   | 0.174       |
|    learning_rate        | 0.000463    |
|    loss                 | 97.9        |
|    n_updates            | 820         |
|    policy_gradient_loss | 0.00301     |
|    std                  | 0.0902      |
|    value_loss           | 151         |
-----------------------------------------
-----------------------------------------
| rollout/                |             |
|    ep_len_mean          | 1.35e+03    |
|    ep_rew_mean          | 523         |
| time/                   |             |
|    fps                  | 174         |
|    iterations           | 84          |
|    time_elapsed         | 31529       |
|    total_timesteps      | 5505024     |
| train/                  |             |
|    approx_kl            | 0.008649118 |
|    clip_fraction        | 0.0924      |
|    clip_range           | 0.2         |
|    entropy_loss         | 0.992       |
|    explained_variance   | 0.184       |
|    learning_rate        | 0.000456    |
|    loss                 | 31.9        |
|    n_updates            | 830         |
|    policy_gradient_loss | 0.00321     |
|    std                  | 0.09        |
|    value_loss           | 140         |
-----------------------------------------
-----------------------------------------
| rollout/                |             |
|    ep_len_mean          | 1.37e+03    |
|    ep_rew_mean          | 517         |
| time/                   |             |
|    fps                  | 175         |
|    iterations           | 85          |
|    time_elapsed         | 31726       |
|    total_timesteps      | 5570560     |
| train/                  |             |
|    approx_kl            | 0.009019754 |
|    clip_fraction        | 0.0966      |
|    clip_range           | 0.2         |
|    entropy_loss         | 1.01        |
|    explained_variance   | 0.156       |
|    learning_rate        | 0.000449    |
|    loss                 | 148         |
|    n_updates            | 840         |
|    policy_gradient_loss | 0.00301     |
|    std                  | 0.0883      |
|    value_loss           | 152         |
-----------------------------------------
-----------------------------------------
| rollout/                |             |
|    ep_len_mean          | 1.36e+03    |
|    ep_rew_mean          | 522         |
| time/                   |             |
|    fps                  | 176         |
|    iterations           | 86          |
|    time_elapsed         | 31919       |
|    total_timesteps      | 5636096     |
| train/                  |             |
|    approx_kl            | 0.009022833 |
|    clip_fraction        | 0.0946      |
|    clip_range           | 0.2         |
|    entropy_loss         | 1.02        |
|    explained_variance   | 0.17        |
|    learning_rate        | 0.000443    |
|    loss                 | 272         |
|    n_updates            | 850         |
|    policy_gradient_loss | 0.0031      |
|    std                  | 0.0873      |
|    value_loss           | 148         |
-----------------------------------------
-----------------------------------------
| rollout/                |             |
|    ep_len_mean          | 1.34e+03    |
|    ep_rew_mean          | 529         |
| time/                   |             |
|    fps                  | 177         |
|    iterations           | 87          |
|    time_elapsed         | 32115       |
|    total_timesteps      | 5701632     |
| train/                  |             |
|    approx_kl            | 0.008383984 |
|    clip_fraction        | 0.0969      |
|    clip_range           | 0.2         |
|    entropy_loss         | 1.03        |
|    explained_variance   | 0.159       |
|    learning_rate        | 0.000436    |
|    loss                 | 23.7        |
|    n_updates            | 860         |
|    policy_gradient_loss | 0.00323     |
|    std                  | 0.0866      |
|    value_loss           | 159         |
-----------------------------------------
-----------------------------------------
| rollout/                |             |
|    ep_len_mean          | 1.35e+03    |
|    ep_rew_mean          | 524         |
| time/                   |             |
|    fps                  | 178         |
|    iterations           | 88          |
|    time_elapsed         | 32310       |
|    total_timesteps      | 5767168     |
| train/                  |             |
|    approx_kl            | 0.008972719 |
|    clip_fraction        | 0.0972      |
|    clip_range           | 0.2         |
|    entropy_loss         | 1.04        |
|    explained_variance   | 0.175       |
|    learning_rate        | 0.00043     |
|    loss                 | 19.3        |
|    n_updates            | 870         |
|    policy_gradient_loss | 0.00287     |
|    std                  | 0.0855      |
|    value_loss           | 148         |
-----------------------------------------
-----------------------------------------
| rollout/                |             |
|    ep_len_mean          | 1.35e+03    |
|    ep_rew_mean          | 525         |
| time/                   |             |
|    fps                  | 179         |
|    iterations           | 89          |
|    time_elapsed         | 32503       |
|    total_timesteps      | 5832704     |
| train/                  |             |
|    approx_kl            | 0.008963313 |
|    clip_fraction        | 0.0952      |
|    clip_range           | 0.2         |
|    entropy_loss         | 1.05        |
|    explained_variance   | 0.154       |
|    learning_rate        | 0.000423    |
|    loss                 | 135         |
|    n_updates            | 880         |
|    policy_gradient_loss | 0.00316     |
|    std                  | 0.0851      |
|    value_loss           | 159         |
-----------------------------------------
-----------------------------------------
| rollout/                |             |
|    ep_len_mean          | 1.33e+03    |
|    ep_rew_mean          | 537         |
| time/                   |             |
|    fps                  | 180         |
|    iterations           | 90          |
|    time_elapsed         | 32696       |
|    total_timesteps      | 5898240     |
| train/                  |             |
|    approx_kl            | 0.009532307 |
|    clip_fraction        | 0.0936      |
|    clip_range           | 0.2         |
|    entropy_loss         | 1.05        |
|    explained_variance   | 0.137       |
|    learning_rate        | 0.000417    |
|    loss                 | 61.8        |
|    n_updates            | 890         |
|    policy_gradient_loss | 0.00273     |
|    std                  | 0.0843      |
|    value_loss           | 159         |
-----------------------------------------
----------------------------------------
| rollout/                |            |
|    ep_len_mean          | 1.33e+03   |
|    ep_rew_mean          | 536        |
| time/                   |            |
|    fps                  | 181        |
|    iterations           | 91         |
|    time_elapsed         | 32892      |
|    total_timesteps      | 5963776    |
| train/                  |            |
|    approx_kl            | 0.00824083 |
|    clip_fraction        | 0.0916     |
|    clip_range           | 0.2        |
|    entropy_loss         | 1.07       |
|    explained_variance   | 0.153      |
|    learning_rate        | 0.00041    |
|    loss                 | 53.1       |
|    n_updates            | 900        |
|    policy_gradient_loss | 0.00302    |
|    std                  | 0.0833     |
|    value_loss           | 162        |
----------------------------------------
-----------------------------------------
| rollout/                |             |
|    ep_len_mean          | 1.34e+03    |
|    ep_rew_mean          | 528         |
| time/                   |             |
|    fps                  | 182         |
|    iterations           | 92          |
|    time_elapsed         | 33085       |
|    total_timesteps      | 6029312     |
| train/                  |             |
|    approx_kl            | 0.009512659 |
|    clip_fraction        | 0.0964      |
|    clip_range           | 0.2         |
|    entropy_loss         | 1.07        |
|    explained_variance   | 0.169       |
|    learning_rate        | 0.000404    |
|    loss                 | 111         |
|    n_updates            | 910         |
|    policy_gradient_loss | 0.00319     |
|    std                  | 0.0824      |
|    value_loss           | 161         |
-----------------------------------------
-----------------------------------------
| rollout/                |             |
|    ep_len_mean          | 1.33e+03    |
|    ep_rew_mean          | 533         |
| time/                   |             |
|    fps                  | 183         |
|    iterations           | 93          |
|    time_elapsed         | 33281       |
|    total_timesteps      | 6094848     |
| train/                  |             |
|    approx_kl            | 0.009597379 |
|    clip_fraction        | 0.0931      |
|    clip_range           | 0.2         |
|    entropy_loss         | 1.09        |
|    explained_variance   | 0.158       |
|    learning_rate        | 0.000397    |
|    loss                 | 64.5        |
|    n_updates            | 920         |
|    policy_gradient_loss | 0.00312     |
|    std                  | 0.0809      |
|    value_loss           | 167         |
-----------------------------------------
-----------------------------------------
| rollout/                |             |
|    ep_len_mean          | 1.32e+03    |
|    ep_rew_mean          | 541         |
| time/                   |             |
|    fps                  | 184         |
|    iterations           | 94          |
|    time_elapsed         | 33476       |
|    total_timesteps      | 6160384     |
| train/                  |             |
|    approx_kl            | 0.008229846 |
|    clip_fraction        | 0.0869      |
|    clip_range           | 0.2         |
|    entropy_loss         | 1.1         |
|    explained_variance   | 0.167       |
|    learning_rate        | 0.000391    |
|    loss                 | 118         |
|    n_updates            | 930         |
|    policy_gradient_loss | 0.00274     |
|    std                  | 0.0805      |
|    value_loss           | 164         |
-----------------------------------------
-----------------------------------------
| rollout/                |             |
|    ep_len_mean          | 1.33e+03    |
|    ep_rew_mean          | 533         |
| time/                   |             |
|    fps                  | 184         |
|    iterations           | 95          |
|    time_elapsed         | 33669       |
|    total_timesteps      | 6225920     |
| train/                  |             |
|    approx_kl            | 0.008806907 |
|    clip_fraction        | 0.0891      |
|    clip_range           | 0.2         |
|    entropy_loss         | 1.11        |
|    explained_variance   | 0.16        |
|    learning_rate        | 0.000384    |
|    loss                 | 112         |
|    n_updates            | 940         |
|    policy_gradient_loss | 0.00305     |
|    std                  | 0.0802      |
|    value_loss           | 172         |
-----------------------------------------
-----------------------------------------
| rollout/                |             |
|    ep_len_mean          | 1.34e+03    |
|    ep_rew_mean          | 529         |
| time/                   |             |
|    fps                  | 185         |
|    iterations           | 96          |
|    time_elapsed         | 33866       |
|    total_timesteps      | 6291456     |
| train/                  |             |
|    approx_kl            | 0.008293699 |
|    clip_fraction        | 0.0895      |
|    clip_range           | 0.2         |
|    entropy_loss         | 1.11        |
|    explained_variance   | 0.153       |
|    learning_rate        | 0.000377    |
|    loss                 | 57.7        |
|    n_updates            | 950         |
|    policy_gradient_loss | 0.003       |
|    std                  | 0.0801      |
|    value_loss           | 171         |
-----------------------------------------
------------------------------------------
| rollout/                |              |
|    ep_len_mean          | 1.32e+03     |
|    ep_rew_mean          | 540          |
| time/                   |              |
|    fps                  | 186          |
|    iterations           | 97           |
|    time_elapsed         | 34056        |
|    total_timesteps      | 6356992      |
| train/                  |              |
|    approx_kl            | 0.0077708224 |
|    clip_fraction        | 0.0915       |
|    clip_range           | 0.2          |
|    entropy_loss         | 1.12         |
|    explained_variance   | 0.155        |
|    learning_rate        | 0.000371     |
|    loss                 | 78           |
|    n_updates            | 960          |
|    policy_gradient_loss | 0.00323      |
|    std                  | 0.0785       |
|    value_loss           | 169          |
------------------------------------------
-----------------------------------------
| rollout/                |             |
|    ep_len_mean          | 1.32e+03    |
|    ep_rew_mean          | 542         |
| time/                   |             |
|    fps                  | 187         |
|    iterations           | 98          |
|    time_elapsed         | 34252       |
|    total_timesteps      | 6422528     |
| train/                  |             |
|    approx_kl            | 0.008427484 |
|    clip_fraction        | 0.0837      |
|    clip_range           | 0.2         |
|    entropy_loss         | 1.13        |
|    explained_variance   | 0.154       |
|    learning_rate        | 0.000364    |
|    loss                 | 30.3        |
|    n_updates            | 970         |
|    policy_gradient_loss | 0.00258     |
|    std                  | 0.0785      |
|    value_loss           | 182         |
-----------------------------------------
-----------------------------------------
| rollout/                |             |
|    ep_len_mean          | 1.32e+03    |
|    ep_rew_mean          | 538         |
| time/                   |             |
|    fps                  | 188         |
|    iterations           | 99          |
|    time_elapsed         | 34444       |
|    total_timesteps      | 6488064     |
| train/                  |             |
|    approx_kl            | 0.008360505 |
|    clip_fraction        | 0.0882      |
|    clip_range           | 0.2         |
|    entropy_loss         | 1.13        |
|    explained_variance   | 0.132       |
|    learning_rate        | 0.000358    |
|    loss                 | 156         |
|    n_updates            | 980         |
|    policy_gradient_loss | 0.0026      |
|    std                  | 0.078       |
|    value_loss           | 177         |
-----------------------------------------
-----------------------------------------
| rollout/                |             |
|    ep_len_mean          | 1.32e+03    |
|    ep_rew_mean          | 542         |
| time/                   |             |
|    fps                  | 189         |
|    iterations           | 100         |
|    time_elapsed         | 34641       |
|    total_timesteps      | 6553600     |
| train/                  |             |
|    approx_kl            | 0.007551697 |
|    clip_fraction        | 0.0872      |
|    clip_range           | 0.2         |
|    entropy_loss         | 1.14        |
|    explained_variance   | 0.153       |
|    learning_rate        | 0.000351    |
|    loss                 | 37.2        |
|    n_updates            | 990         |
|    policy_gradient_loss | 0.00282     |
|    std                  | 0.0775      |
|    value_loss           | 172         |
-----------------------------------------
-----------------------------------------
| rollout/                |             |
|    ep_len_mean          | 1.32e+03    |
|    ep_rew_mean          | 542         |
| time/                   |             |
|    fps                  | 190         |
|    iterations           | 101         |
|    time_elapsed         | 34837       |
|    total_timesteps      | 6619136     |
| train/                  |             |
|    approx_kl            | 0.007743208 |
|    clip_fraction        | 0.0887      |
|    clip_range           | 0.2         |
|    entropy_loss         | 1.15        |
|    explained_variance   | 0.136       |
|    learning_rate        | 0.000345    |
|    loss                 | 23.9        |
|    n_updates            | 1000        |
|    policy_gradient_loss | 0.00227     |
|    std                  | 0.0764      |
|    value_loss           | 188         |
-----------------------------------------
-----------------------------------------
| rollout/                |             |
|    ep_len_mean          | 1.33e+03    |
|    ep_rew_mean          | 534         |
| time/                   |             |
|    fps                  | 190         |
|    iterations           | 102         |
|    time_elapsed         | 35034       |
|    total_timesteps      | 6684672     |
| train/                  |             |
|    approx_kl            | 0.007877818 |
|    clip_fraction        | 0.0815      |
|    clip_range           | 0.2         |
|    entropy_loss         | 1.17        |
|    explained_variance   | 0.152       |
|    learning_rate        | 0.000338    |
|    loss                 | 34.5        |
|    n_updates            | 1010        |
|    policy_gradient_loss | 0.0025      |
|    std                  | 0.0755      |
|    value_loss           | 166         |
-----------------------------------------
-----------------------------------------
| rollout/                |             |
|    ep_len_mean          | 1.34e+03    |
|    ep_rew_mean          | 531         |
| time/                   |             |
|    fps                  | 191         |
|    iterations           | 103         |
|    time_elapsed         | 35230       |
|    total_timesteps      | 6750208     |
| train/                  |             |
|    approx_kl            | 0.008337772 |
|    clip_fraction        | 0.0853      |
|    clip_range           | 0.2         |
|    entropy_loss         | 1.17        |
|    explained_variance   | 0.14        |
|    learning_rate        | 0.000332    |
|    loss                 | 151         |
|    n_updates            | 1020        |
|    policy_gradient_loss | 0.00219     |
|    std                  | 0.075       |
|    value_loss           | 196         |
-----------------------------------------
-----------------------------------------
| rollout/                |             |
|    ep_len_mean          | 1.34e+03    |
|    ep_rew_mean          | 530         |
| time/                   |             |
|    fps                  | 192         |
|    iterations           | 104         |
|    time_elapsed         | 35420       |
|    total_timesteps      | 6815744     |
| train/                  |             |
|    approx_kl            | 0.008025285 |
|    clip_fraction        | 0.084       |
|    clip_range           | 0.2         |
|    entropy_loss         | 1.18        |
|    explained_variance   | 0.157       |
|    learning_rate        | 0.000325    |
|    loss                 | 90.5        |
|    n_updates            | 1030        |
|    policy_gradient_loss | 0.00258     |
|    std                  | 0.075       |
|    value_loss           | 157         |
-----------------------------------------
-----------------------------------------
| rollout/                |             |
|    ep_len_mean          | 1.31e+03    |
|    ep_rew_mean          | 547         |
| time/                   |             |
|    fps                  | 193         |
|    iterations           | 105         |
|    time_elapsed         | 35613       |
|    total_timesteps      | 6881280     |
| train/                  |             |
|    approx_kl            | 0.008690247 |
|    clip_fraction        | 0.0837      |
|    clip_range           | 0.2         |
|    entropy_loss         | 1.18        |
|    explained_variance   | 0.138       |
|    learning_rate        | 0.000318    |
|    loss                 | 24.7        |
|    n_updates            | 1040        |
|    policy_gradient_loss | 0.00217     |
|    std                  | 0.0743      |
|    value_loss           | 207         |
-----------------------------------------
-----------------------------------------
| rollout/                |             |
|    ep_len_mean          | 1.3e+03     |
|    ep_rew_mean          | 549         |
| time/                   |             |
|    fps                  | 194         |
|    iterations           | 106         |
|    time_elapsed         | 35805       |
|    total_timesteps      | 6946816     |
| train/                  |             |
|    approx_kl            | 0.008400368 |
|    clip_fraction        | 0.0805      |
|    clip_range           | 0.2         |
|    entropy_loss         | 1.19        |
|    explained_variance   | 0.151       |
|    learning_rate        | 0.000312    |
|    loss                 | 177         |
|    n_updates            | 1050        |
|    policy_gradient_loss | 0.0025      |
|    std                  | 0.0735      |
|    value_loss           | 179         |
-----------------------------------------
slurmstepd: error: *** JOB 12482032 ON cn1211 CANCELLED AT 2024-05-18T11:46:43 DUE TO TIME LIMIT ***
