Using cpu device
Logging to ./output/ppo_tensorboard/default_14v0_0
------------------------------
| time/              |       |
|    fps             | 337   |
|    iterations      | 1     |
|    time_elapsed    | 194   |
|    total_timesteps | 65536 |
------------------------------
------------------------------------------
| time/                   |              |
|    fps                  | 197          |
|    iterations           | 2            |
|    time_elapsed         | 664          |
|    total_timesteps      | 131072       |
| train/                  |              |
|    approx_kl            | 0.0022783186 |
|    clip_fraction        | 0.0207       |
|    clip_range           | 0.2          |
|    entropy_loss         | -1.4         |
|    explained_variance   | -0.0152      |
|    learning_rate        | 0.000992     |
|    loss                 | 4.43         |
|    n_updates            | 10           |
|    policy_gradient_loss | -0.000149    |
|    std                  | 0.967        |
|    value_loss           | 8.11         |
------------------------------------------
------------------------------------------
| time/                   |              |
|    fps                  | 145          |
|    iterations           | 3            |
|    time_elapsed         | 1349         |
|    total_timesteps      | 196608       |
| train/                  |              |
|    approx_kl            | 0.0028883982 |
|    clip_fraction        | 0.023        |
|    clip_range           | 0.2          |
|    entropy_loss         | -1.37        |
|    explained_variance   | 0.351        |
|    learning_rate        | 0.000984     |
|    loss                 | 3.22         |
|    n_updates            | 20           |
|    policy_gradient_loss | -0.000359    |
|    std                  | 0.934        |
|    value_loss           | 6.68         |
------------------------------------------
------------------------------------------
| time/                   |              |
|    fps                  | 117          |
|    iterations           | 4            |
|    time_elapsed         | 2225         |
|    total_timesteps      | 262144       |
| train/                  |              |
|    approx_kl            | 0.0025668312 |
|    clip_fraction        | 0.0205       |
|    clip_range           | 0.2          |
|    entropy_loss         | -1.34        |
|    explained_variance   | 0.423        |
|    learning_rate        | 0.000975     |
|    loss                 | 2.66         |
|    n_updates            | 30           |
|    policy_gradient_loss | -0.000615    |
|    std                  | 0.926        |
|    value_loss           | 7.08         |
------------------------------------------
------------------------------------------
| time/                   |              |
|    fps                  | 99           |
|    iterations           | 5            |
|    time_elapsed         | 3300         |
|    total_timesteps      | 327680       |
| train/                  |              |
|    approx_kl            | 0.0034967118 |
|    clip_fraction        | 0.0236       |
|    clip_range           | 0.2          |
|    entropy_loss         | -1.33        |
|    explained_variance   | 0.477        |
|    learning_rate        | 0.000967     |
|    loss                 | 4.46         |
|    n_updates            | 40           |
|    policy_gradient_loss | -0.000212    |
|    std                  | 0.918        |
|    value_loss           | 6.45         |
------------------------------------------
------------------------------------------
| rollout/                |              |
|    ep_len_mean          | 1.17e+04     |
|    ep_rew_mean          | -4.84e+03    |
| time/                   |              |
|    fps                  | 86           |
|    iterations           | 6            |
|    time_elapsed         | 4543         |
|    total_timesteps      | 393216       |
| train/                  |              |
|    approx_kl            | 0.0039697923 |
|    clip_fraction        | 0.0346       |
|    clip_range           | 0.2          |
|    entropy_loss         | -1.3         |
|    explained_variance   | 0.509        |
|    learning_rate        | 0.000959     |
|    loss                 | 2.72         |
|    n_updates            | 50           |
|    policy_gradient_loss | -0.00124     |
|    std                  | 0.882        |
|    value_loss           | 6.05         |
------------------------------------------
------------------------------------------
| rollout/                |              |
|    ep_len_mean          | 1.31e+04     |
|    ep_rew_mean          | -5.55e+03    |
| time/                   |              |
|    fps                  | 81           |
|    iterations           | 7            |
|    time_elapsed         | 5607         |
|    total_timesteps      | 458752       |
| train/                  |              |
|    approx_kl            | 0.0032592872 |
|    clip_fraction        | 0.0284       |
|    clip_range           | 0.2          |
|    entropy_loss         | -1.27        |
|    explained_variance   | 0.47         |
|    learning_rate        | 0.000951     |
|    loss                 | 2.54         |
|    n_updates            | 60           |
|    policy_gradient_loss | -0.000793    |
|    std                  | 0.863        |
|    value_loss           | 7.68         |
------------------------------------------
-----------------------------------------
| rollout/                |             |
|    ep_len_mean          | 1.36e+04    |
|    ep_rew_mean          | -5.78e+03   |
| time/                   |             |
|    fps                  | 85          |
|    iterations           | 8           |
|    time_elapsed         | 6151        |
|    total_timesteps      | 524288      |
| train/                  |             |
|    approx_kl            | 0.004219473 |
|    clip_fraction        | 0.0374      |
|    clip_range           | 0.2         |
|    entropy_loss         | -1.23       |
|    explained_variance   | 0.404       |
|    learning_rate        | 0.000943    |
|    loss                 | 4.73        |
|    n_updates            | 70          |
|    policy_gradient_loss | -0.00102    |
|    std                  | 0.829       |
|    value_loss           | 16.8        |
-----------------------------------------
------------------------------------------
| rollout/                |              |
|    ep_len_mean          | 1.36e+04     |
|    ep_rew_mean          | -5.78e+03    |
| time/                   |              |
|    fps                  | 87           |
|    iterations           | 9            |
|    time_elapsed         | 6714         |
|    total_timesteps      | 589824       |
| train/                  |              |
|    approx_kl            | 0.0047557345 |
|    clip_fraction        | 0.0449       |
|    clip_range           | 0.2          |
|    entropy_loss         | -1.19        |
|    explained_variance   | 0.456        |
|    learning_rate        | 0.000934     |
|    loss                 | 3.71         |
|    n_updates            | 80           |
|    policy_gradient_loss | -0.00134     |
|    std                  | 0.795        |
|    value_loss           | 13.5         |
------------------------------------------
-----------------------------------------
| rollout/                |             |
|    ep_len_mean          | 1.36e+04    |
|    ep_rew_mean          | -5.78e+03   |
| time/                   |             |
|    fps                  | 87          |
|    iterations           | 10          |
|    time_elapsed         | 7497        |
|    total_timesteps      | 655360      |
| train/                  |             |
|    approx_kl            | 0.005553646 |
|    clip_fraction        | 0.0509      |
|    clip_range           | 0.2         |
|    entropy_loss         | -1.14       |
|    explained_variance   | 0.525       |
|    learning_rate        | 0.000926    |
|    loss                 | 3.09        |
|    n_updates            | 90          |
|    policy_gradient_loss | -0.00189    |
|    std                  | 0.755       |
|    value_loss           | 8.87        |
-----------------------------------------
------------------------------------------
| rollout/                |              |
|    ep_len_mean          | 1.29e+04     |
|    ep_rew_mean          | -5.47e+03    |
| time/                   |              |
|    fps                  | 85           |
|    iterations           | 11           |
|    time_elapsed         | 8447         |
|    total_timesteps      | 720896       |
| train/                  |              |
|    approx_kl            | 0.0065315594 |
|    clip_fraction        | 0.0616       |
|    clip_range           | 0.2          |
|    entropy_loss         | -1.08        |
|    explained_variance   | 0.579        |
|    learning_rate        | 0.000918     |
|    loss                 | 4.88         |
|    n_updates            | 100          |
|    policy_gradient_loss | -0.00266     |
|    std                  | 0.709        |
|    value_loss           | 8.12         |
------------------------------------------
------------------------------------------
| rollout/                |              |
|    ep_len_mean          | 1.18e+04     |
|    ep_rew_mean          | -4.92e+03    |
| time/                   |              |
|    fps                  | 85           |
|    iterations           | 12           |
|    time_elapsed         | 9229         |
|    total_timesteps      | 786432       |
| train/                  |              |
|    approx_kl            | 0.0084163295 |
|    clip_fraction        | 0.0771       |
|    clip_range           | 0.2          |
|    entropy_loss         | -1           |
|    explained_variance   | 0.501        |
|    learning_rate        | 0.00091      |
|    loss                 | 10.8         |
|    n_updates            | 110          |
|    policy_gradient_loss | -0.00323     |
|    std                  | 0.655        |
|    value_loss           | 15.2         |
------------------------------------------
-----------------------------------------
| rollout/                |             |
|    ep_len_mean          | 1.18e+04    |
|    ep_rew_mean          | -4.9e+03    |
| time/                   |             |
|    fps                  | 88          |
|    iterations           | 13          |
|    time_elapsed         | 9667        |
|    total_timesteps      | 851968      |
| train/                  |             |
|    approx_kl            | 0.010505844 |
|    clip_fraction        | 0.0839      |
|    clip_range           | 0.2         |
|    entropy_loss         | -0.926      |
|    explained_variance   | 0.325       |
|    learning_rate        | 0.000902    |
|    loss                 | 8.36        |
|    n_updates            | 120         |
|    policy_gradient_loss | -0.00347    |
|    std                  | 0.61        |
|    value_loss           | 35.6        |
-----------------------------------------
-----------------------------------------
| rollout/                |             |
|    ep_len_mean          | 1.14e+04    |
|    ep_rew_mean          | -4.71e+03   |
| time/                   |             |
|    fps                  | 89          |
|    iterations           | 14          |
|    time_elapsed         | 10240       |
|    total_timesteps      | 917504      |
| train/                  |             |
|    approx_kl            | 0.006506676 |
|    clip_fraction        | 0.0687      |
|    clip_range           | 0.2         |
|    entropy_loss         | -0.89       |
|    explained_variance   | 0.426       |
|    learning_rate        | 0.000894    |
|    loss                 | 10.3        |
|    n_updates            | 130         |
|    policy_gradient_loss | -0.0027     |
|    std                  | 0.592       |
|    value_loss           | 17.2        |
-----------------------------------------
-----------------------------------------
| rollout/                |             |
|    ep_len_mean          | 9.98e+03    |
|    ep_rew_mean          | -3.99e+03   |
| time/                   |             |
|    fps                  | 91          |
|    iterations           | 15          |
|    time_elapsed         | 10733       |
|    total_timesteps      | 983040      |
| train/                  |             |
|    approx_kl            | 0.006710803 |
|    clip_fraction        | 0.0774      |
|    clip_range           | 0.2         |
|    entropy_loss         | -0.877      |
|    explained_variance   | 0.534       |
|    learning_rate        | 0.000885    |
|    loss                 | 5.1         |
|    n_updates            | 140         |
|    policy_gradient_loss | -0.00325    |
|    std                  | 0.581       |
|    value_loss           | 18.1        |
-----------------------------------------
-----------------------------------------
| rollout/                |             |
|    ep_len_mean          | 9.74e+03    |
|    ep_rew_mean          | -3.87e+03   |
| time/                   |             |
|    fps                  | 94          |
|    iterations           | 16          |
|    time_elapsed         | 11151       |
|    total_timesteps      | 1048576     |
| train/                  |             |
|    approx_kl            | 0.008611897 |
|    clip_fraction        | 0.084       |
|    clip_range           | 0.2         |
|    entropy_loss         | -0.826      |
|    explained_variance   | 0.359       |
|    learning_rate        | 0.000877    |
|    loss                 | 11          |
|    n_updates            | 150         |
|    policy_gradient_loss | -0.00261    |
|    std                  | 0.548       |
|    value_loss           | 45.1        |
-----------------------------------------
----------------------------------------
| rollout/                |            |
|    ep_len_mean          | 7.63e+03   |
|    ep_rew_mean          | -2.81e+03  |
| time/                   |            |
|    fps                  | 96         |
|    iterations           | 17         |
|    time_elapsed         | 11563      |
|    total_timesteps      | 1114112    |
| train/                  |            |
|    approx_kl            | 0.00827112 |
|    clip_fraction        | 0.0877     |
|    clip_range           | 0.2        |
|    entropy_loss         | -0.775     |
|    explained_variance   | 0.578      |
|    learning_rate        | 0.000869   |
|    loss                 | 8.56       |
|    n_updates            | 160        |
|    policy_gradient_loss | -0.0033    |
|    std                  | 0.523      |
|    value_loss           | 26.9       |
----------------------------------------
----------------------------------------
| rollout/                |            |
|    ep_len_mean          | 6.37e+03   |
|    ep_rew_mean          | -2.18e+03  |
| time/                   |            |
|    fps                  | 98         |
|    iterations           | 18         |
|    time_elapsed         | 11928      |
|    total_timesteps      | 1179648    |
| train/                  |            |
|    approx_kl            | 0.00949779 |
|    clip_fraction        | 0.0928     |
|    clip_range           | 0.2        |
|    entropy_loss         | -0.718     |
|    explained_variance   | 0.472      |
|    learning_rate        | 0.000861   |
|    loss                 | 11.6       |
|    n_updates            | 170        |
|    policy_gradient_loss | -0.00306   |
|    std                  | 0.494      |
|    value_loss           | 52.4       |
----------------------------------------
-----------------------------------------
| rollout/                |             |
|    ep_len_mean          | 4.68e+03    |
|    ep_rew_mean          | -1.34e+03   |
| time/                   |             |
|    fps                  | 101         |
|    iterations           | 19          |
|    time_elapsed         | 12236       |
|    total_timesteps      | 1245184     |
| train/                  |             |
|    approx_kl            | 0.008656617 |
|    clip_fraction        | 0.095       |
|    clip_range           | 0.2         |
|    entropy_loss         | -0.672      |
|    explained_variance   | 0.585       |
|    learning_rate        | 0.000853    |
|    loss                 | 10.6        |
|    n_updates            | 180         |
|    policy_gradient_loss | -0.00365    |
|    std                  | 0.477       |
|    value_loss           | 42.3        |
-----------------------------------------
----------------------------------------
| rollout/                |            |
|    ep_len_mean          | 3.7e+03    |
|    ep_rew_mean          | -848       |
| time/                   |            |
|    fps                  | 104        |
|    iterations           | 20         |
|    time_elapsed         | 12549      |
|    total_timesteps      | 1310720    |
| train/                  |            |
|    approx_kl            | 0.00956169 |
|    clip_fraction        | 0.102      |
|    clip_range           | 0.2        |
|    entropy_loss         | -0.628     |
|    explained_variance   | 0.578      |
|    learning_rate        | 0.000844   |
|    loss                 | 16.8       |
|    n_updates            | 190        |
|    policy_gradient_loss | -0.0032    |
|    std                  | 0.457      |
|    value_loss           | 55.7       |
----------------------------------------
-----------------------------------------
| rollout/                |             |
|    ep_len_mean          | 3.02e+03    |
|    ep_rew_mean          | -512        |
| time/                   |             |
|    fps                  | 107         |
|    iterations           | 21          |
|    time_elapsed         | 12832       |
|    total_timesteps      | 1376256     |
| train/                  |             |
|    approx_kl            | 0.010481577 |
|    clip_fraction        | 0.102       |
|    clip_range           | 0.2         |
|    entropy_loss         | -0.581      |
|    explained_variance   | 0.559       |
|    learning_rate        | 0.000836    |
|    loss                 | 18.3        |
|    n_updates            | 200         |
|    policy_gradient_loss | -0.00282    |
|    std                  | 0.433       |
|    value_loss           | 65.1        |
-----------------------------------------
-----------------------------------------
| rollout/                |             |
|    ep_len_mean          | 2.53e+03    |
|    ep_rew_mean          | -266        |
| time/                   |             |
|    fps                  | 110         |
|    iterations           | 22          |
|    time_elapsed         | 13097       |
|    total_timesteps      | 1441792     |
| train/                  |             |
|    approx_kl            | 0.010848748 |
|    clip_fraction        | 0.115       |
|    clip_range           | 0.2         |
|    entropy_loss         | -0.527      |
|    explained_variance   | 0.601       |
|    learning_rate        | 0.000828    |
|    loss                 | 17.4        |
|    n_updates            | 210         |
|    policy_gradient_loss | -0.00446    |
|    std                  | 0.409       |
|    value_loss           | 63.4        |
-----------------------------------------
-----------------------------------------
| rollout/                |             |
|    ep_len_mean          | 2.21e+03    |
|    ep_rew_mean          | -104        |
| time/                   |             |
|    fps                  | 112         |
|    iterations           | 23          |
|    time_elapsed         | 13341       |
|    total_timesteps      | 1507328     |
| train/                  |             |
|    approx_kl            | 0.009757048 |
|    clip_fraction        | 0.102       |
|    clip_range           | 0.2         |
|    entropy_loss         | -0.466      |
|    explained_variance   | 0.55        |
|    learning_rate        | 0.00082     |
|    loss                 | 72.7        |
|    n_updates            | 220         |
|    policy_gradient_loss | -0.00242    |
|    std                  | 0.391       |
|    value_loss           | 72.5        |
-----------------------------------------
-----------------------------------------
| rollout/                |             |
|    ep_len_mean          | 1.97e+03    |
|    ep_rew_mean          | 15.3        |
| time/                   |             |
|    fps                  | 115         |
|    iterations           | 24          |
|    time_elapsed         | 13578       |
|    total_timesteps      | 1572864     |
| train/                  |             |
|    approx_kl            | 0.009651963 |
|    clip_fraction        | 0.0928      |
|    clip_range           | 0.2         |
|    entropy_loss         | -0.424      |
|    explained_variance   | 0.525       |
|    learning_rate        | 0.000812    |
|    loss                 | 43.9        |
|    n_updates            | 230         |
|    policy_gradient_loss | -0.00124    |
|    std                  | 0.371       |
|    value_loss           | 67.5        |
-----------------------------------------
-----------------------------------------
| rollout/                |             |
|    ep_len_mean          | 1.8e+03     |
|    ep_rew_mean          | 101         |
| time/                   |             |
|    fps                  | 118         |
|    iterations           | 25          |
|    time_elapsed         | 13808       |
|    total_timesteps      | 1638400     |
| train/                  |             |
|    approx_kl            | 0.008951314 |
|    clip_fraction        | 0.0897      |
|    clip_range           | 0.2         |
|    entropy_loss         | -0.37       |
|    explained_variance   | 0.535       |
|    learning_rate        | 0.000803    |
|    loss                 | 49.5        |
|    n_updates            | 240         |
|    policy_gradient_loss | -0.000898   |
|    std                  | 0.352       |
|    value_loss           | 66.3        |
-----------------------------------------
-----------------------------------------
| rollout/                |             |
|    ep_len_mean          | 1.7e+03     |
|    ep_rew_mean          | 152         |
| time/                   |             |
|    fps                  | 121         |
|    iterations           | 26          |
|    time_elapsed         | 14036       |
|    total_timesteps      | 1703936     |
| train/                  |             |
|    approx_kl            | 0.008839358 |
|    clip_fraction        | 0.0882      |
|    clip_range           | 0.2         |
|    entropy_loss         | -0.323      |
|    explained_variance   | 0.516       |
|    learning_rate        | 0.000795    |
|    loss                 | 38.9        |
|    n_updates            | 250         |
|    policy_gradient_loss | -0.000856   |
|    std                  | 0.337       |
|    value_loss           | 67.5        |
-----------------------------------------
-----------------------------------------
| rollout/                |             |
|    ep_len_mean          | 1.59e+03    |
|    ep_rew_mean          | 207         |
| time/                   |             |
|    fps                  | 124         |
|    iterations           | 27          |
|    time_elapsed         | 14248       |
|    total_timesteps      | 1769472     |
| train/                  |             |
|    approx_kl            | 0.009497959 |
|    clip_fraction        | 0.0955      |
|    clip_range           | 0.2         |
|    entropy_loss         | -0.28       |
|    explained_variance   | 0.514       |
|    learning_rate        | 0.000787    |
|    loss                 | 22.2        |
|    n_updates            | 260         |
|    policy_gradient_loss | -0.000597   |
|    std                  | 0.323       |
|    value_loss           | 67.9        |
-----------------------------------------
-----------------------------------------
| rollout/                |             |
|    ep_len_mean          | 1.5e+03     |
|    ep_rew_mean          | 252         |
| time/                   |             |
|    fps                  | 126         |
|    iterations           | 28          |
|    time_elapsed         | 14451       |
|    total_timesteps      | 1835008     |
| train/                  |             |
|    approx_kl            | 0.009353129 |
|    clip_fraction        | 0.092       |
|    clip_range           | 0.2         |
|    entropy_loss         | -0.235      |
|    explained_variance   | 0.512       |
|    learning_rate        | 0.000779    |
|    loss                 | 25.6        |
|    n_updates            | 270         |
|    policy_gradient_loss | -0.000381   |
|    std                  | 0.304       |
|    value_loss           | 65.6        |
-----------------------------------------
----------------------------------------
| rollout/                |            |
|    ep_len_mean          | 1.41e+03   |
|    ep_rew_mean          | 296        |
| time/                   |            |
|    fps                  | 129        |
|    iterations           | 29         |
|    time_elapsed         | 14648      |
|    total_timesteps      | 1900544    |
| train/                  |            |
|    approx_kl            | 0.00853619 |
|    clip_fraction        | 0.09       |
|    clip_range           | 0.2        |
|    entropy_loss         | -0.179     |
|    explained_variance   | 0.519      |
|    learning_rate        | 0.000771   |
|    loss                 | 27.6       |
|    n_updates            | 280        |
|    policy_gradient_loss | 3.62e-05   |
|    std                  | 0.288      |
|    value_loss           | 59         |
----------------------------------------
-----------------------------------------
| rollout/                |             |
|    ep_len_mean          | 1.36e+03    |
|    ep_rew_mean          | 321         |
| time/                   |             |
|    fps                  | 132         |
|    iterations           | 30          |
|    time_elapsed         | 14844       |
|    total_timesteps      | 1966080     |
| train/                  |             |
|    approx_kl            | 0.008658194 |
|    clip_fraction        | 0.0914      |
|    clip_range           | 0.2         |
|    entropy_loss         | -0.126      |
|    explained_variance   | 0.529       |
|    learning_rate        | 0.000762    |
|    loss                 | 20.8        |
|    n_updates            | 290         |
|    policy_gradient_loss | -0.000202   |
|    std                  | 0.275       |
|    value_loss           | 59.9        |
-----------------------------------------
----------------------------------------
| rollout/                |            |
|    ep_len_mean          | 1.32e+03   |
|    ep_rew_mean          | 339        |
| time/                   |            |
|    fps                  | 135        |
|    iterations           | 31         |
|    time_elapsed         | 15036      |
|    total_timesteps      | 2031616    |
| train/                  |            |
|    approx_kl            | 0.00847091 |
|    clip_fraction        | 0.0921     |
|    clip_range           | 0.2        |
|    entropy_loss         | -0.0845    |
|    explained_variance   | 0.512      |
|    learning_rate        | 0.000754   |
|    loss                 | 28.6       |
|    n_updates            | 300        |
|    policy_gradient_loss | -2.35e-05  |
|    std                  | 0.265      |
|    value_loss           | 58         |
----------------------------------------
----------------------------------------
| rollout/                |            |
|    ep_len_mean          | 1.3e+03    |
|    ep_rew_mean          | 352        |
| time/                   |            |
|    fps                  | 137        |
|    iterations           | 32         |
|    time_elapsed         | 15226      |
|    total_timesteps      | 2097152    |
| train/                  |            |
|    approx_kl            | 0.00851046 |
|    clip_fraction        | 0.0915     |
|    clip_range           | 0.2        |
|    entropy_loss         | -0.0432    |
|    explained_variance   | 0.556      |
|    learning_rate        | 0.000746   |
|    loss                 | 33.6       |
|    n_updates            | 310        |
|    policy_gradient_loss | -6.96e-05  |
|    std                  | 0.253      |
|    value_loss           | 52.4       |
----------------------------------------
-----------------------------------------
| rollout/                |             |
|    ep_len_mean          | 1.24e+03    |
|    ep_rew_mean          | 378         |
| time/                   |             |
|    fps                  | 140         |
|    iterations           | 33          |
|    time_elapsed         | 15411       |
|    total_timesteps      | 2162688     |
| train/                  |             |
|    approx_kl            | 0.008659534 |
|    clip_fraction        | 0.0882      |
|    clip_range           | 0.2         |
|    entropy_loss         | -0.00258    |
|    explained_variance   | 0.598       |
|    learning_rate        | 0.000738    |
|    loss                 | 25          |
|    n_updates            | 320         |
|    policy_gradient_loss | 0.00033     |
|    std                  | 0.245       |
|    value_loss           | 52.9        |
-----------------------------------------
----------------------------------------
| rollout/                |            |
|    ep_len_mean          | 1.21e+03   |
|    ep_rew_mean          | 397        |
| time/                   |            |
|    fps                  | 142        |
|    iterations           | 34         |
|    time_elapsed         | 15596      |
|    total_timesteps      | 2228224    |
| train/                  |            |
|    approx_kl            | 0.00828715 |
|    clip_fraction        | 0.0875     |
|    clip_range           | 0.2        |
|    entropy_loss         | 0.0272     |
|    explained_variance   | 0.59       |
|    learning_rate        | 0.00073    |
|    loss                 | 23.9       |
|    n_updates            | 330        |
|    policy_gradient_loss | 0.000666   |
|    std                  | 0.235      |
|    value_loss           | 50.5       |
----------------------------------------
-----------------------------------------
| rollout/                |             |
|    ep_len_mean          | 1.19e+03    |
|    ep_rew_mean          | 406         |
| time/                   |             |
|    fps                  | 145         |
|    iterations           | 35          |
|    time_elapsed         | 15779       |
|    total_timesteps      | 2293760     |
| train/                  |             |
|    approx_kl            | 0.008438219 |
|    clip_fraction        | 0.0888      |
|    clip_range           | 0.2         |
|    entropy_loss         | 0.0687      |
|    explained_variance   | 0.584       |
|    learning_rate        | 0.000721    |
|    loss                 | 20.5        |
|    n_updates            | 340         |
|    policy_gradient_loss | 0.00114     |
|    std                  | 0.228       |
|    value_loss           | 52.3        |
-----------------------------------------
------------------------------------------
| rollout/                |              |
|    ep_len_mean          | 1.15e+03     |
|    ep_rew_mean          | 424          |
| time/                   |              |
|    fps                  | 147          |
|    iterations           | 36           |
|    time_elapsed         | 15955        |
|    total_timesteps      | 2359296      |
| train/                  |              |
|    approx_kl            | 0.0097504705 |
|    clip_fraction        | 0.0917       |
|    clip_range           | 0.2          |
|    entropy_loss         | 0.103        |
|    explained_variance   | 0.58         |
|    learning_rate        | 0.000713     |
|    loss                 | 19.3         |
|    n_updates            | 350          |
|    policy_gradient_loss | 0.000719     |
|    std                  | 0.217        |
|    value_loss           | 49.5         |
------------------------------------------
-----------------------------------------
| rollout/                |             |
|    ep_len_mean          | 1.11e+03    |
|    ep_rew_mean          | 443         |
| time/                   |             |
|    fps                  | 150         |
|    iterations           | 37          |
|    time_elapsed         | 16131       |
|    total_timesteps      | 2424832     |
| train/                  |             |
|    approx_kl            | 0.008485647 |
|    clip_fraction        | 0.0935      |
|    clip_range           | 0.2         |
|    entropy_loss         | 0.15        |
|    explained_variance   | 0.575       |
|    learning_rate        | 0.000705    |
|    loss                 | 34          |
|    n_updates            | 360         |
|    policy_gradient_loss | 0.000631    |
|    std                  | 0.208       |
|    value_loss           | 53.9        |
-----------------------------------------
-----------------------------------------
| rollout/                |             |
|    ep_len_mean          | 1.1e+03     |
|    ep_rew_mean          | 449         |
| time/                   |             |
|    fps                  | 152         |
|    iterations           | 38          |
|    time_elapsed         | 16302       |
|    total_timesteps      | 2490368     |
| train/                  |             |
|    approx_kl            | 0.008559298 |
|    clip_fraction        | 0.0904      |
|    clip_range           | 0.2         |
|    entropy_loss         | 0.189       |
|    explained_variance   | 0.563       |
|    learning_rate        | 0.000697    |
|    loss                 | 26.8        |
|    n_updates            | 370         |
|    policy_gradient_loss | 0.0011      |
|    std                  | 0.2         |
|    value_loss           | 54.6        |
-----------------------------------------
-----------------------------------------
| rollout/                |             |
|    ep_len_mean          | 1.08e+03    |
|    ep_rew_mean          | 461         |
| time/                   |             |
|    fps                  | 155         |
|    iterations           | 39          |
|    time_elapsed         | 16475       |
|    total_timesteps      | 2555904     |
| train/                  |             |
|    approx_kl            | 0.008164634 |
|    clip_fraction        | 0.0876      |
|    clip_range           | 0.2         |
|    entropy_loss         | 0.225       |
|    explained_variance   | 0.552       |
|    learning_rate        | 0.000689    |
|    loss                 | 25          |
|    n_updates            | 380         |
|    policy_gradient_loss | 0.00169     |
|    std                  | 0.192       |
|    value_loss           | 56.6        |
-----------------------------------------
-----------------------------------------
| rollout/                |             |
|    ep_len_mean          | 1.06e+03    |
|    ep_rew_mean          | 470         |
| time/                   |             |
|    fps                  | 157         |
|    iterations           | 40          |
|    time_elapsed         | 16646       |
|    total_timesteps      | 2621440     |
| train/                  |             |
|    approx_kl            | 0.007974789 |
|    clip_fraction        | 0.0871      |
|    clip_range           | 0.2         |
|    entropy_loss         | 0.261       |
|    explained_variance   | 0.544       |
|    learning_rate        | 0.000681    |
|    loss                 | 23.2        |
|    n_updates            | 390         |
|    policy_gradient_loss | 0.00166     |
|    std                  | 0.186       |
|    value_loss           | 59.9        |
-----------------------------------------
------------------------------------------
| rollout/                |              |
|    ep_len_mean          | 1.05e+03     |
|    ep_rew_mean          | 476          |
| time/                   |              |
|    fps                  | 159          |
|    iterations           | 41           |
|    time_elapsed         | 16819        |
|    total_timesteps      | 2686976      |
| train/                  |              |
|    approx_kl            | 0.0078627495 |
|    clip_fraction        | 0.0878       |
|    clip_range           | 0.2          |
|    entropy_loss         | 0.292        |
|    explained_variance   | 0.552        |
|    learning_rate        | 0.000672     |
|    loss                 | 24.8         |
|    n_updates            | 400          |
|    policy_gradient_loss | 0.0018       |
|    std                  | 0.18         |
|    value_loss           | 65.3         |
------------------------------------------
------------------------------------------
| rollout/                |              |
|    ep_len_mean          | 1.04e+03     |
|    ep_rew_mean          | 480          |
| time/                   |              |
|    fps                  | 162          |
|    iterations           | 42           |
|    time_elapsed         | 16987        |
|    total_timesteps      | 2752512      |
| train/                  |              |
|    approx_kl            | 0.0075616706 |
|    clip_fraction        | 0.0872       |
|    clip_range           | 0.2          |
|    entropy_loss         | 0.316        |
|    explained_variance   | 0.55         |
|    learning_rate        | 0.000664     |
|    loss                 | 24.6         |
|    n_updates            | 410          |
|    policy_gradient_loss | 0.00189      |
|    std                  | 0.176        |
|    value_loss           | 70.4         |
------------------------------------------
-----------------------------------------
| rollout/                |             |
|    ep_len_mean          | 1.02e+03    |
|    ep_rew_mean          | 489         |
| time/                   |             |
|    fps                  | 164         |
|    iterations           | 43          |
|    time_elapsed         | 17158       |
|    total_timesteps      | 2818048     |
| train/                  |             |
|    approx_kl            | 0.008524291 |
|    clip_fraction        | 0.0928      |
|    clip_range           | 0.2         |
|    entropy_loss         | 0.352       |
|    explained_variance   | 0.528       |
|    learning_rate        | 0.000656    |
|    loss                 | 24.8        |
|    n_updates            | 420         |
|    policy_gradient_loss | 0.00142     |
|    std                  | 0.17        |
|    value_loss           | 74.2        |
-----------------------------------------
-----------------------------------------
| rollout/                |             |
|    ep_len_mean          | 1e+03       |
|    ep_rew_mean          | 498         |
| time/                   |             |
|    fps                  | 166         |
|    iterations           | 44          |
|    time_elapsed         | 17327       |
|    total_timesteps      | 2883584     |
| train/                  |             |
|    approx_kl            | 0.006895012 |
|    clip_fraction        | 0.0855      |
|    clip_range           | 0.2         |
|    entropy_loss         | 0.376       |
|    explained_variance   | 0.516       |
|    learning_rate        | 0.000648    |
|    loss                 | 35.5        |
|    n_updates            | 430         |
|    policy_gradient_loss | 0.00223     |
|    std                  | 0.166       |
|    value_loss           | 82.4        |
-----------------------------------------
---------------------------------------
| rollout/                |           |
|    ep_len_mean          | 1e+03     |
|    ep_rew_mean          | 499       |
| time/                   |           |
|    fps                  | 168       |
|    iterations           | 45        |
|    time_elapsed         | 17493     |
|    total_timesteps      | 2949120   |
| train/                  |           |
|    approx_kl            | 0.0080141 |
|    clip_fraction        | 0.0917    |
|    clip_range           | 0.2       |
|    entropy_loss         | 0.405     |
|    explained_variance   | 0.532     |
|    learning_rate        | 0.00064   |
|    loss                 | 28.5      |
|    n_updates            | 440       |
|    policy_gradient_loss | 0.00186   |
|    std                  | 0.161     |
|    value_loss           | 89.7      |
---------------------------------------
-----------------------------------------
| rollout/                |             |
|    ep_len_mean          | 983         |
|    ep_rew_mean          | 509         |
| time/                   |             |
|    fps                  | 170         |
|    iterations           | 46          |
|    time_elapsed         | 17660       |
|    total_timesteps      | 3014656     |
| train/                  |             |
|    approx_kl            | 0.009373292 |
|    clip_fraction        | 0.0973      |
|    clip_range           | 0.2         |
|    entropy_loss         | 0.434       |
|    explained_variance   | 0.493       |
|    learning_rate        | 0.000631    |
|    loss                 | 79.2        |
|    n_updates            | 450         |
|    policy_gradient_loss | 0.00214     |
|    std                  | 0.154       |
|    value_loss           | 97.9        |
-----------------------------------------
------------------------------------------
| rollout/                |              |
|    ep_len_mean          | 982          |
|    ep_rew_mean          | 509          |
| time/                   |              |
|    fps                  | 172          |
|    iterations           | 47           |
|    time_elapsed         | 17826        |
|    total_timesteps      | 3080192      |
| train/                  |              |
|    approx_kl            | 0.0071294233 |
|    clip_fraction        | 0.09         |
|    clip_range           | 0.2          |
|    entropy_loss         | 0.467        |
|    explained_variance   | 0.485        |
|    learning_rate        | 0.000623     |
|    loss                 | 67.3         |
|    n_updates            | 460          |
|    policy_gradient_loss | 0.00279      |
|    std                  | 0.152        |
|    value_loss           | 102          |
------------------------------------------
-----------------------------------------
| rollout/                |             |
|    ep_len_mean          | 975         |
|    ep_rew_mean          | 513         |
| time/                   |             |
|    fps                  | 174         |
|    iterations           | 48          |
|    time_elapsed         | 17990       |
|    total_timesteps      | 3145728     |
| train/                  |             |
|    approx_kl            | 0.008627923 |
|    clip_fraction        | 0.0963      |
|    clip_range           | 0.2         |
|    entropy_loss         | 0.493       |
|    explained_variance   | 0.43        |
|    learning_rate        | 0.000615    |
|    loss                 | 34.9        |
|    n_updates            | 470         |
|    policy_gradient_loss | 0.00289     |
|    std                  | 0.148       |
|    value_loss           | 112         |
-----------------------------------------
slurmstepd: error: *** JOB 12473498 ON cn1396 CANCELLED AT 2024-05-17T22:27:05 DUE TO TIME LIMIT ***
